2024-03-16T22:56:46.320+03:00  INFO 92491 --- [main] guru.qa.rococo.RococoArtistApplication   : Starting RococoArtistApplication using Java 17.0.9 with PID 92491 (/Users/ruacbr/Developer/ed/rococo/rococo-artist/build/classes/java/main started by ruacbr in /Users/ruacbr/Developer/ed/rococo)
2024-03-16T22:56:46.322+03:00  INFO 92491 --- [main] guru.qa.rococo.RococoArtistApplication   : The following 1 profile is active: "local"
2024-03-16T22:56:46.363+03:00  INFO 92491 --- [main] g.qa.rococo.service.PropertiesLogger     : ******* systemProperties *******
2024-03-16T22:56:46.364+03:00  INFO 92491 --- [main] g.qa.rococo.service.PropertiesLogger     : CONSOLE_LOG_CHARSET=UTF-8
2024-03-16T22:56:46.365+03:00  INFO 92491 --- [main] g.qa.rococo.service.PropertiesLogger     : FILE_LOG_CHARSET=UTF-8
2024-03-16T22:56:46.365+03:00  INFO 92491 --- [main] g.qa.rococo.service.PropertiesLogger     : LOG_FILE=spend.log
2024-03-16T22:56:46.365+03:00  INFO 92491 --- [main] g.qa.rococo.service.PropertiesLogger     : PID=92491
2024-03-16T22:56:46.365+03:00  INFO 92491 --- [main] g.qa.rococo.service.PropertiesLogger     : file.encoding=UTF-8
2024-03-16T22:56:46.365+03:00  INFO 92491 --- [main] g.qa.rococo.service.PropertiesLogger     : file.separator=/
2024-03-16T22:56:46.365+03:00  INFO 92491 --- [main] g.qa.rococo.service.PropertiesLogger     : java.awt.headless=true
2024-03-16T22:56:46.365+03:00  INFO 92491 --- [main] g.qa.rococo.service.PropertiesLogger     : java.class.path=/Users/ruacbr/Developer/ed/rococo/rococo-artist/build/classes/java/main:/Users/ruacbr/Developer/ed/rococo/rococo-artist/build/resources/main:/Users/ruacbr/.gradle/caches/modules-2/files-2.1/org.springframework.boot/spring-boot-starter-web/3.1.3/d4326db157b4cf73647ae69b588de0dc65cb702/spring-boot-starter-web-3.1.3.jar:/Users/ruacbr/.gradle/caches/modules-2/files-2.1/org.springframework.boot/spring-boot-starter-data-jpa/3.1.3/f0a12154dd3ecee15f6b0ad9cc8025cb600cbbfc/spring-boot-starter-data-jpa-3.1.3.jar:/Users/ruacbr/.gradle/caches/modules-2/files-2.1/net.devh/grpc-client-spring-boot-starter/2.14.0.RELEASE/97b99020502789d703290c0e25147233c604e80c/grpc-client-spring-boot-starter-2.14.0.RELEASE.jar:/Users/ruacbr/.gradle/caches/modules-2/files-2.1/org.springframework.cloud/spring-cloud-starter-vault-config/4.0.1/d33c367b7e04f8e230a6a04fa460d822bd2d5189/spring-cloud-starter-vault-config-4.0.1.jar:/Users/ruacbr/.gradle/caches/modules-2/files-2.1/org.flywaydb/flyway-core/9.22.2/d484d08c15354a6107d46f54f7bc200b29009e33/flyway-core-9.22.2.jar:/Users/ruacbr/.gradle/caches/modules-2/files-2.1/org.postgresql/postgresql/42.6.0/7614cfce466145b84972781ab0079b8dea49e363/postgresql-42.6.0.jar:/Users/ruacbr/.gradle/caches/modules-2/files-2.1/org.springframework.boot/spring-boot-starter-json/3.1.3/853a7b3152846d685e38c34ad8e14f221228c846/spring-boot-starter-json-3.1.3.jar:/Users/ruacbr/.gradle/caches/modules-2/files-2.1/org.springframework.boot/spring-boot-starter-aop/3.1.3/fd9c2fbba8e627f6d76c30915fab059396c91243/spring-boot-starter-aop-3.1.3.jar:/Users/ruacbr/.gradle/caches/modules-2/files-2.1/org.springframework.boot/spring-boot-starter-jdbc/3.1.3/149a8252a24b88b92b64918781222e225297f956/spring-boot-starter-jdbc-3.1.3.jar:/Users/ruacbr/.gradle/caches/modules-2/files-2.1/net.devh/grpc-client-spring-boot-autoconfigure/2.14.0.RELEASE/351d156d67697f7893eb75e030cf2bd63303175e/grpc-client-spring-boot-autoconfigure-2.14.0.RELEASE.jar:/Users/ruacbr/.gradle/caches/modules-2/files-2.1/org.springframework.cloud/spring-cloud-vault-config/4.0.1/fefa6baf9a4bde79a4c106d19ed51943fc68707e/spring-cloud-vault-config-4.0.1.jar:/Users/ruacbr/.gradle/caches/modules-2/files-2.1/org.springframework.cloud/spring-cloud-starter/4.0.2/58a0100c21cc5846109d888f6142d01b0ede5188/spring-cloud-starter-4.0.2.jar:/Users/ruacbr/.gradle/caches/modules-2/files-2.1/net.devh/grpc-common-spring-boot/2.14.0.RELEASE/d6dfe42c792b252247d3c06de1b4f7c881727be4/grpc-common-spring-boot-2.14.0.RELEASE.jar:/Users/ruacbr/.gradle/caches/modules-2/files-2.1/org.springframework.boot/spring-boot-starter/3.1.3/c59f038f005cf8fb3338b7b9e50e9a65bac1ebca/spring-boot-starter-3.1.3.jar:/Users/ruacbr/.gradle/caches/modules-2/files-2.1/org.springframework.boot/spring-boot-starter-tomcat/3.1.3/af588c29407cd056296be081c281b3e196c4860a/spring-boot-starter-tomcat-3.1.3.jar:/Users/ruacbr/.gradle/caches/modules-2/files-2.1/org.springframework/spring-webmvc/6.0.11/892b4a63b5d930c2c43058c6db0c2c65401fb078/spring-webmvc-6.0.11.jar:/Users/ruacbr/.gradle/caches/modules-2/files-2.1/org.springframework/spring-web/6.0.11/c32a7bf6b88b83bac6aa63866fcf208892640446/spring-web-6.0.11.jar:/Users/ruacbr/.gradle/caches/modules-2/files-2.1/org.hibernate.orm/hibernate-core/6.2.7.Final/41ef07e4272936741bd47cb638d4f10d06bdb86/hibernate-core-6.2.7.Final.jar:/Users/ruacbr/.gradle/caches/modules-2/files-2.1/org.springframework.data/spring-data-jpa/3.1.3/b521cf73f77556938bb6a8a7330a6f948152381b/spring-data-jpa-3.1.3.jar:/Users/ruacbr/.gradle/caches/modules-2/files-2.1/org.springframework/spring-aspects/6.0.11/7b6fcc5d4f06c36c332b7a122dca863163a127d4/spring-aspects-6.0.11.jar:/Users/ruacbr/.gradle/caches/modules-2/files-2.1/org.apache.httpcomponents.client5/httpclient5/5.2.1/c900514d3446d9ce5d9dbd90c21192048125440/httpclient5-5.2.1.jar:/Users/ruacbr/.gradle/caches/modules-2/files-2.1/org.apache.httpcomponents.core5/httpcore5-h2/5.2.2/54ee1ed58fe8ac40be1083ea9873a6c734939ab9/httpcore5-h2-5.2.2.jar:/Users/ruacbr/.gradle/caches/modules-2/files-2.1/org.apache.httpcomponents.core5/httpcore5/5.2.2/6da28f5aa6c2b129ef49632e041a5203ce7507b2/httpcore5-5.2.2.jar:/Users/ruacbr/.gradle/caches/modules-2/files-2.1/org.springframework.vault/spring-vault-core/3.0.2/fbed232142f0952834e25f64e030dce63923916/spring-vault-core-3.0.2.jar:/Users/ruacbr/.gradle/caches/modules-2/files-2.1/com.fasterxml.jackson.datatype/jackson-datatype-jdk8/2.15.2/66a50e089cfd2f93896b9b6f7a734cea7bcf2f31/jackson-datatype-jdk8-2.15.2.jar:/Users/ruacbr/.gradle/caches/modules-2/files-2.1/com.fasterxml.jackson.datatype/jackson-datatype-jsr310/2.15.2/30d16ec2aef6d8094c5e2dce1d95034ca8b6cb42/jackson-datatype-jsr310-2.15.2.jar:/Users/ruacbr/.gradle/caches/modules-2/files-2.1/com.fasterxml.jackson.module/jackson-module-parameter-names/2.15.2/75f8d2788db20f6c587c7a19e94fb6248c314241/jackson-module-parameter-names-2.15.2.jar:/Users/ruacbr/.gradle/caches/modules-2/files-2.1/com.fasterxml.jackson.core/jackson-databind/2.15.2/9353b021f10c307c00328f52090de2bdb4b6ff9c/jackson-databind-2.15.2.jar:/Users/ruacbr/.gradle/caches/modules-2/files-2.1/com.fasterxml.jackson.core/jackson-core/2.15.2/a6fe1836469a69b3ff66037c324d75fc66ef137c/jackson-core-2.15.2.jar:/Users/ruacbr/.gradle/caches/modules-2/files-2.1/com.fasterxml.jackson.core/jackson-annotations/2.15.2/4724a65ac8e8d156a24898d50fd5dbd3642870b8/jackson-annotations-2.15.2.jar:/Users/ruacbr/.gradle/caches/modules-2/files-2.1/com.fasterxml.jackson.dataformat/jackson-dataformat-toml/2.15.2/eb495841634034db2c635519c4048e96188bdc36/jackson-dataformat-toml-2.15.2.jar:/Users/ruacbr/.gradle/caches/modules-2/files-2.1/io.grpc/grpc-netty-shaded/1.51.0/edeab7f3692cdf0d9ab5efff15bbd971fe408751/grpc-netty-shaded-1.51.0.jar:/Users/ruacbr/.gradle/caches/modules-2/files-2.1/io.grpc/grpc-core/1.51.0/d7fc6af4183d7d21f22f800326c8b25b0387a763/grpc-core-1.51.0.jar:/Users/ruacbr/.gradle/caches/modules-2/files-2.1/com.google.code.gson/gson/2.10.1/b3add478d4382b78ea20b1671390a858002feb6c/gson-2.10.1.jar:/Users/ruacbr/.gradle/caches/modules-2/files-2.1/io.grpc/grpc-protobuf/1.51.0/1715f4a4607e66ed862f0ae26b355e28a15dba8/grpc-protobuf-1.51.0.jar:/Users/ruacbr/.gradle/caches/modules-2/files-2.1/io.grpc/grpc-stub/1.51.0/8ddb5be39478adbc0d6109ceeae7c7c3afd671ee/grpc-stub-1.51.0.jar:/Users/ruacbr/.gradle/caches/modules-2/files-2.1/io.grpc/grpc-protobuf-lite/1.51.0/61912a12180e46eca64942056a74830c384769c/grpc-protobuf-lite-1.51.0.jar:/Users/ruacbr/.gradle/caches/modules-2/files-2.1/io.grpc/grpc-api/1.51.0/97fcc953ca765070bccc9cbad9b867396d35bbba/grpc-api-1.51.0.jar:/Users/ruacbr/.gradle/caches/modules-2/files-2.1/com.google.guava/guava/31.1-android/9222c47cc3ae890f07f7c961bbb3cb69050fe4aa/guava-31.1-android.jar:/Users/ruacbr/.gradle/caches/modules-2/files-2.1/org.checkerframework/checker-qual/3.31.0/eeefd4af42e2f4221d145c1791582f91868f99ab/checker-qual-3.31.0.jar:/Users/ruacbr/.gradle/caches/modules-2/files-2.1/org.springframework.boot/spring-boot-autoconfigure/3.1.3/d7d4e0cdf5a42158a5460feb67d0c56aba2ef8b2/spring-boot-autoconfigure-3.1.3.jar:/Users/ruacbr/.gradle/caches/modules-2/files-2.1/org.springframework.boot/spring-boot/3.1.3/7161dbfbbdde423513c89deae00da8068319a26a/spring-boot-3.1.3.jar:/Users/ruacbr/.gradle/caches/modules-2/files-2.1/org.springframework.boot/spring-boot-starter-logging/3.1.3/8a4402a80f01fb8193907b1ea6c9f4a71df6589e/spring-boot-starter-logging-3.1.3.jar:/Users/ruacbr/.gradle/caches/modules-2/files-2.1/jakarta.annotation/jakarta.annotation-api/2.1.1/48b9bda22b091b1f48b13af03fe36db3be6e1ae3/jakarta.annotation-api-2.1.1.jar:/Users/ruacbr/.gradle/caches/modules-2/files-2.1/org.springframework/spring-context/6.0.11/a7b10f3d3c1492bfc4e6d7c966cd2e21f4d441f5/spring-context-6.0.11.jar:/Users/ruacbr/.gradle/caches/modules-2/files-2.1/org.springframework/spring-aop/6.0.11/15b85c825558fadb85e3c77779d7225ce7e4a7bc/spring-aop-6.0.11.jar:/Users/ruacbr/.gradle/caches/modules-2/files-2.1/org.springframework/spring-orm/6.0.11/dde0c5f956052c8c3865e95202dd35b7437b2c6f/spring-orm-6.0.11.jar:/Users/ruacbr/.gradle/caches/modules-2/files-2.1/org.springframework/spring-jdbc/6.0.11/dc495b5cb8052f044fd29aa68bb2231b1895b8f4/spring-jdbc-6.0.11.jar:/Users/ruacbr/.gradle/caches/modules-2/files-2.1/org.springframework.data/spring-data-commons/3.1.3/afd3a74a2cd476022c6cdfd6679120f0e69e0f50/spring-data-commons-3.1.3.jar:/Users/ruacbr/.gradle/caches/modules-2/files-2.1/org.springframework/spring-tx/6.0.11/59cd03d2ba6968ade8c192b4d6488efb48ec36f/spring-tx-6.0.11.jar:/Users/ruacbr/.gradle/caches/modules-2/files-2.1/org.springframework/spring-beans/6.0.11/8513efc6e94b407b5cd85f69eeec511f1ef34164/spring-beans-6.0.11.jar:/Users/ruacbr/.gradle/caches/modules-2/files-2.1/org.springframework/spring-expression/6.0.11/1d0940120a275719c3988c592068f4acf807fe59/spring-expression-6.0.11.jar:/Users/ruacbr/.gradle/caches/modules-2/files-2.1/org.springframework/spring-core/6.0.11/87834b5cf95c6fa28f5bdf8a85e0daf0bff918a8/spring-core-6.0.11.jar:/Users/ruacbr/.gradle/caches/modules-2/files-2.1/org.yaml/snakeyaml/1.33/2cd0a87ff7df953f810c344bdf2fe3340b954c69/snakeyaml-1.33.jar:/Users/ruacbr/.gradle/caches/modules-2/files-2.1/org.apache.tomcat.embed/tomcat-embed-websocket/10.1.12/c96beb8e6d5a6783d6e026909aa65c2aaa6d95da/tomcat-embed-websocket-10.1.12.jar:/Users/ruacbr/.gradle/caches/modules-2/files-2.1/org.apache.tomcat.embed/tomcat-embed-core/10.1.12/55acd05b20308a39d08a6a02e8f8bc0c17b7b5f/tomcat-embed-core-10.1.12.jar:/Users/ruacbr/.gradle/caches/modules-2/files-2.1/org.apache.tomcat.embed/tomcat-embed-el/10.1.12/2a8cfb1053b6f7c445d78186ac32c73eb773973c/tomcat-embed-el-10.1.12.jar:/Users/ruacbr/.gradle/caches/modules-2/files-2.1/io.micrometer/micrometer-observation/1.11.3/aaea9efe8f00c184b12f729a2f37e18ca4f33b8d/micrometer-observation-1.11.3.jar:/Users/ruacbr/.gradle/caches/modules-2/files-2.1/org.aspectj/aspectjweaver/1.9.20/da562407e43f74c0f8f5f5df4065d85ec1736d01/aspectjweaver-1.9.20.jar:/Users/ruacbr/.gradle/caches/modules-2/files-2.1/com.zaxxer/HikariCP/5.0.1/a74c7f0a37046846e88d54f7cb6ea6d565c65f9c/HikariCP-5.0.1.jar:/Users/ruacbr/.gradle/caches/modules-2/files-2.1/jakarta.persistence/jakarta.persistence-api/3.1.0/66901fa1c373c6aff65c13791cc11da72060a8d6/jakarta.persistence-api-3.1.0.jar:/Users/ruacbr/.gradle/caches/modules-2/files-2.1/jakarta.transaction/jakarta.transaction-api/2.0.1/51a520e3fae406abb84e2e1148e6746ce3f80a1a/jakarta.transaction-api-2.0.1.jar:/Users/ruacbr/.gradle/caches/modules-2/files-2.1/org.jboss.logging/jboss-logging/3.5.3.Final/c88fc1d8a96d4c3491f55d4317458ccad53ca663/jboss-logging-3.5.3.Final.jar:/Users/ruacbr/.gradle/caches/modules-2/files-2.1/org.hibernate.common/hibernate-commons-annotations/6.0.6.Final/77a5f94b56d49508e0ee334751db5b78e5ccd50c/hibernate-commons-annotations-6.0.6.Final.jar:/Users/ruacbr/.gradle/caches/modules-2/files-2.1/io.smallrye/jandex/3.0.5/c548a4871b552292dbdd65409d3fda145c8925c1/jandex-3.0.5.jar:/Users/ruacbr/.gradle/caches/modules-2/files-2.1/com.fasterxml/classmate/1.5.1/3fe0bed568c62df5e89f4f174c101eab25345b6c/classmate-1.5.1.jar:/Users/ruacbr/.gradle/caches/modules-2/files-2.1/net.bytebuddy/byte-buddy/1.14.6/316c1b1f3208a9d716c4419ed2080443235f7d1/byte-buddy-1.14.6.jar:/Users/ruacbr/.gradle/caches/modules-2/files-2.1/org.glassfish.jaxb/jaxb-runtime/4.0.3/93af25be25b2c92c83e0ce61cb8b3ed23568f316/jaxb-runtime-4.0.3.jar:/Users/ruacbr/.gradle/caches/modules-2/files-2.1/org.glassfish.jaxb/jaxb-core/4.0.3/e9093b4a82069a1d78ee9a3233ca387bca88861f/jaxb-core-4.0.3.jar:/Users/ruacbr/.gradle/caches/modules-2/files-2.1/jakarta.xml.bind/jakarta.xml.bind-api/4.0.0/bbb399208d288b15ec101fa4fcfc4bd77cedc97a/jakarta.xml.bind-api-4.0.0.jar:/Users/ruacbr/.gradle/caches/modules-2/files-2.1/jakarta.inject/jakarta.inject-api/2.0.1/4c28afe1991a941d7702fe1362c365f0a8641d1e/jakarta.inject-api-2.0.1.jar:/Users/ruacbr/.gradle/caches/modules-2/files-2.1/org.antlr/antlr4-runtime/4.10.1/10839f875928f59c622d675091d51a43ea0dc5f7/antlr4-runtime-4.10.1.jar:/Users/ruacbr/.gradle/caches/modules-2/files-2.1/ch.qos.logback/logback-classic/1.4.11/54450c0c783e896a1a6d88c043bd2f1daba1c382/logback-classic-1.4.11.jar:/Users/ruacbr/.gradle/caches/modules-2/files-2.1/org.apache.logging.log4j/log4j-to-slf4j/2.20.0/d37f81f8978e2672bc32c82712ab4b3f66624adc/log4j-to-slf4j-2.20.0.jar:/Users/ruacbr/.gradle/caches/modules-2/files-2.1/org.slf4j/jul-to-slf4j/2.0.7/a48f44aeaa8a5ddc347007298a28173ac1fbbd8b/jul-to-slf4j-2.0.7.jar:/Users/ruacbr/.gradle/caches/modules-2/files-2.1/org.slf4j/slf4j-api/2.0.7/41eb7184ea9d556f23e18b5cb99cad1f8581fc00/slf4j-api-2.0.7.jar:/Users/ruacbr/.gradle/caches/modules-2/files-2.1/org.springframework.cloud/spring-cloud-context/4.0.2/dde2f4f6ed9265e153e19eff0e136a343a30c176/spring-cloud-context-4.0.2.jar:/Users/ruacbr/.gradle/caches/modules-2/files-2.1/org.springframework.cloud/spring-cloud-commons/4.0.2/cb315bb1625340ffbd94333c3dd17be57d496523/spring-cloud-commons-4.0.2.jar:/Users/ruacbr/.gradle/caches/modules-2/files-2.1/org.springframework.security/spring-security-rsa/1.0.11.RELEASE/e1ce51e2e8735b99ca1a47a8968ff35984f0d902/spring-security-rsa-1.0.11.RELEASE.jar:/Users/ruacbr/.gradle/caches/modules-2/files-2.1/org.springframework/spring-jcl/6.0.11/c9b16cdb6d4874ba4118fcdd4b0335f6278b378/spring-jcl-6.0.11.jar:/Users/ruacbr/.gradle/caches/modules-2/files-2.1/io.micrometer/micrometer-commons/1.11.3/3422d6b1e5ce99cc3ad9ae83dbc83409e2f07603/micrometer-commons-1.11.3.jar:/Users/ruacbr/.gradle/caches/modules-2/files-2.1/org.eclipse.angus/angus-activation/2.0.1/eaafaf4eb71b400e4136fc3a286f50e34a68ecb7/angus-activation-2.0.1.jar:/Users/ruacbr/.gradle/caches/modules-2/files-2.1/jakarta.activation/jakarta.activation-api/2.1.2/640c0d5aff45dbff1e1a1bc09673ff3a02b1ba12/jakarta.activation-api-2.1.2.jar:/Users/ruacbr/.gradle/caches/modules-2/files-2.1/com.google.errorprone/error_prone_annotations/2.14.0/9f01b3654d3c536859705f09f8d267ee977b4004/error_prone_annotations-2.14.0.jar:/Users/ruacbr/.gradle/caches/modules-2/files-2.1/io.perfmark/perfmark-api/0.25.0/340a0c3d81cdcd9ecd7dc2ae00fb2633b469b157/perfmark-api-0.25.0.jar:/Users/ruacbr/.gradle/caches/modules-2/files-2.1/com.google.code.findbugs/jsr305/3.0.2/25ea2e8b0c338a877313bd4672d3fe056ea78f0d/jsr305-3.0.2.jar:/Users/ruacbr/.gradle/caches/modules-2/files-2.1/com.google.api.grpc/proto-google-common-protos/2.9.0/e4ada41aaaf6ecdedf132f44251d0d50813f7f90/proto-google-common-protos-2.9.0.jar:/Users/ruacbr/.gradle/caches/modules-2/files-2.1/com.google.protobuf/protobuf-java/3.21.7/96cfc7147192f1de72c3d7d06972155ffb7d180c/protobuf-java-3.21.7.jar:/Users/ruacbr/.gradle/caches/modules-2/files-2.1/org.springframework.security/spring-security-crypto/6.1.3/3cca1725e5a8b7ca15f1a3d043d2384d1b033165/spring-security-crypto-6.1.3.jar:/Users/ruacbr/.gradle/caches/modules-2/files-2.1/org.bouncycastle/bcpkix-jdk15on/1.69/45c36fb72fafb0b688c6af795e6cc803f6f79ee5/bcpkix-jdk15on-1.69.jar:/Users/ruacbr/.gradle/caches/modules-2/files-2.1/ch.qos.logback/logback-core/1.4.11/2f9f280219a9922a74200eaf7138c4c17fb87c0f/logback-core-1.4.11.jar:/Users/ruacbr/.gradle/caches/modules-2/files-2.1/org.apache.logging.log4j/log4j-api/2.20.0/1fe6082e660daf07c689a89c94dc0f49c26b44bb/log4j-api-2.20.0.jar:/Users/ruacbr/.gradle/caches/modules-2/files-2.1/org.glassfish.jaxb/txw2/4.0.3/47b8fe31c6d1a3382203af919400527389e01e9c/txw2-4.0.3.jar:/Users/ruacbr/.gradle/caches/modules-2/files-2.1/com.sun.istack/istack-commons-runtime/4.1.2/18ec117c85f3ba0ac65409136afa8e42bc74e739/istack-commons-runtime-4.1.2.jar:/Users/ruacbr/.gradle/caches/modules-2/files-2.1/com.google.android/annotations/4.1.1.4/a1678ba907bf92691d879fef34e1a187038f9259/annotations-4.1.1.4.jar:/Users/ruacbr/.gradle/caches/modules-2/files-2.1/org.codehaus.mojo/animal-sniffer-annotations/1.21/419a9acd297cb6fe6f91b982d909f2c20e9fa5c0/animal-sniffer-annotations-1.21.jar:/Users/ruacbr/.gradle/caches/modules-2/files-2.1/com.google.guava/failureaccess/1.0.1/1dcf1de382a0bf95a3d8b0849546c88bac1292c9/failureaccess-1.0.1.jar:/Users/ruacbr/.gradle/caches/modules-2/files-2.1/com.google.guava/listenablefuture/9999.0-empty-to-avoid-conflict-with-guava/b421526c5f297295adef1c886e5246c39d4ac629/listenablefuture-9999.0-empty-to-avoid-conflict-with-guava.jar:/Users/ruacbr/.gradle/caches/modules-2/files-2.1/com.google.j2objc/j2objc-annotations/1.3/ba035118bc8bac37d7eff77700720999acd9986d/j2objc-annotations-1.3.jar:/Users/ruacbr/.gradle/caches/modules-2/files-2.1/io.grpc/grpc-context/1.51.0/9e4bffc8ae0d67f1f3b900f5f8ad9c32a3a4f69e/grpc-context-1.51.0.jar:/Users/ruacbr/.gradle/caches/modules-2/files-2.1/org.bouncycastle/bcutil-jdk15on/1.69/c3edf93d346e97f64f041e448e7455c39c7eff64/bcutil-jdk15on-1.69.jar:/Users/ruacbr/.gradle/caches/modules-2/files-2.1/org.bouncycastle/bcprov-jdk15on/1.69/91e1628251cf3ca90093ce9d0fe67e5b7dab3850/bcprov-jdk15on-1.69.jar
2024-03-16T22:56:46.366+03:00  INFO 92491 --- [main] g.qa.rococo.service.PropertiesLogger     : java.class.version=61.0
2024-03-16T22:56:46.366+03:00  INFO 92491 --- [main] g.qa.rococo.service.PropertiesLogger     : java.home=/Users/ruacbr/.sdkman/candidates/java/17.0.9-librca
2024-03-16T22:56:46.366+03:00  INFO 92491 --- [main] g.qa.rococo.service.PropertiesLogger     : java.io.tmpdir=/var/folders/hc/39l10lj50xqfndl7vvj_y5w81hd6c4/T/
2024-03-16T22:56:46.366+03:00  INFO 92491 --- [main] g.qa.rococo.service.PropertiesLogger     : java.library.path=/Users/ruacbr/Library/Java/Extensions:/Library/Java/Extensions:/Network/Library/Java/Extensions:/System/Library/Java/Extensions:/usr/lib/java:.
2024-03-16T22:56:46.366+03:00  INFO 92491 --- [main] g.qa.rococo.service.PropertiesLogger     : java.runtime.name=OpenJDK Runtime Environment
2024-03-16T22:56:46.366+03:00  INFO 92491 --- [main] g.qa.rococo.service.PropertiesLogger     : java.runtime.version=17.0.9+11-LTS
2024-03-16T22:56:46.366+03:00  INFO 92491 --- [main] g.qa.rococo.service.PropertiesLogger     : java.specification.name=Java Platform API Specification
2024-03-16T22:56:46.366+03:00  INFO 92491 --- [main] g.qa.rococo.service.PropertiesLogger     : java.specification.vendor=Oracle Corporation
2024-03-16T22:56:46.366+03:00  INFO 92491 --- [main] g.qa.rococo.service.PropertiesLogger     : java.specification.version=17
2024-03-16T22:56:46.366+03:00  INFO 92491 --- [main] g.qa.rococo.service.PropertiesLogger     : java.vendor=BellSoft
2024-03-16T22:56:46.367+03:00  INFO 92491 --- [main] g.qa.rococo.service.PropertiesLogger     : java.vendor.url=https://bell-sw.com/
2024-03-16T22:56:46.367+03:00  INFO 92491 --- [main] g.qa.rococo.service.PropertiesLogger     : java.vendor.url.bug=https://bell-sw.com/support
2024-03-16T22:56:46.367+03:00  INFO 92491 --- [main] g.qa.rococo.service.PropertiesLogger     : java.version=17.0.9
2024-03-16T22:56:46.367+03:00  INFO 92491 --- [main] g.qa.rococo.service.PropertiesLogger     : java.version.date=2023-10-17
2024-03-16T22:56:46.367+03:00  INFO 92491 --- [main] g.qa.rococo.service.PropertiesLogger     : java.vm.compressedOopsMode=Zero based
2024-03-16T22:56:46.367+03:00  INFO 92491 --- [main] g.qa.rococo.service.PropertiesLogger     : java.vm.info=mixed mode, sharing
2024-03-16T22:56:46.367+03:00  INFO 92491 --- [main] g.qa.rococo.service.PropertiesLogger     : java.vm.name=OpenJDK 64-Bit Server VM
2024-03-16T22:56:46.367+03:00  INFO 92491 --- [main] g.qa.rococo.service.PropertiesLogger     : java.vm.specification.name=Java Virtual Machine Specification
2024-03-16T22:56:46.367+03:00  INFO 92491 --- [main] g.qa.rococo.service.PropertiesLogger     : java.vm.specification.vendor=Oracle Corporation
2024-03-16T22:56:46.367+03:00  INFO 92491 --- [main] g.qa.rococo.service.PropertiesLogger     : java.vm.specification.version=17
2024-03-16T22:56:46.368+03:00  INFO 92491 --- [main] g.qa.rococo.service.PropertiesLogger     : java.vm.vendor=BellSoft
2024-03-16T22:56:46.368+03:00  INFO 92491 --- [main] g.qa.rococo.service.PropertiesLogger     : java.vm.version=17.0.9+11-LTS
2024-03-16T22:56:46.368+03:00  INFO 92491 --- [main] g.qa.rococo.service.PropertiesLogger     : jdk.debug=release
2024-03-16T22:56:46.368+03:00  INFO 92491 --- [main] g.qa.rococo.service.PropertiesLogger     : line.separator=

2024-03-16T22:56:46.368+03:00  INFO 92491 --- [main] g.qa.rococo.service.PropertiesLogger     : native.encoding=UTF-8
2024-03-16T22:56:46.368+03:00  INFO 92491 --- [main] g.qa.rococo.service.PropertiesLogger     : org.jboss.logging.provider=slf4j
2024-03-16T22:56:46.368+03:00  INFO 92491 --- [main] g.qa.rococo.service.PropertiesLogger     : os.arch=x86_64
2024-03-16T22:56:46.368+03:00  INFO 92491 --- [main] g.qa.rococo.service.PropertiesLogger     : os.name=Mac OS X
2024-03-16T22:56:46.368+03:00  INFO 92491 --- [main] g.qa.rococo.service.PropertiesLogger     : os.version=12.7.2
2024-03-16T22:56:46.368+03:00  INFO 92491 --- [main] g.qa.rococo.service.PropertiesLogger     : path.separator=:
2024-03-16T22:56:46.368+03:00  INFO 92491 --- [main] g.qa.rococo.service.PropertiesLogger     : spring.profiles.active=local
2024-03-16T22:56:46.368+03:00  INFO 92491 --- [main] g.qa.rococo.service.PropertiesLogger     : sun.arch.data.model=64
2024-03-16T22:56:46.369+03:00  INFO 92491 --- [main] g.qa.rococo.service.PropertiesLogger     : sun.boot.library.path=/Users/ruacbr/.sdkman/candidates/java/17.0.9-librca/lib
2024-03-16T22:56:46.369+03:00  INFO 92491 --- [main] g.qa.rococo.service.PropertiesLogger     : sun.cpu.endian=little
2024-03-16T22:56:46.369+03:00  INFO 92491 --- [main] g.qa.rococo.service.PropertiesLogger     : sun.io.unicode.encoding=UnicodeBig
2024-03-16T22:56:46.369+03:00  INFO 92491 --- [main] g.qa.rococo.service.PropertiesLogger     : sun.java.command=guru.qa.rococo.RococoArtistApplication
2024-03-16T22:56:46.369+03:00  INFO 92491 --- [main] g.qa.rococo.service.PropertiesLogger     : sun.java.launcher=SUN_STANDARD
2024-03-16T22:56:46.369+03:00  INFO 92491 --- [main] g.qa.rococo.service.PropertiesLogger     : sun.jnu.encoding=UTF-8
2024-03-16T22:56:46.369+03:00  INFO 92491 --- [main] g.qa.rococo.service.PropertiesLogger     : sun.management.compiler=HotSpot 64-Bit Tiered Compilers
2024-03-16T22:56:46.370+03:00  INFO 92491 --- [main] g.qa.rococo.service.PropertiesLogger     : user.country=GB
2024-03-16T22:56:46.370+03:00  INFO 92491 --- [main] g.qa.rococo.service.PropertiesLogger     : user.dir=/Users/ruacbr/Developer/ed/rococo
2024-03-16T22:56:46.370+03:00  INFO 92491 --- [main] g.qa.rococo.service.PropertiesLogger     : user.home=/Users/ruacbr
2024-03-16T22:56:46.370+03:00  INFO 92491 --- [main] g.qa.rococo.service.PropertiesLogger     : user.language=en
2024-03-16T22:56:46.370+03:00  INFO 92491 --- [main] g.qa.rococo.service.PropertiesLogger     : user.name=ruacbr
2024-03-16T22:56:46.370+03:00  INFO 92491 --- [main] g.qa.rococo.service.PropertiesLogger     : user.timezone=Europe/Moscow
2024-03-16T22:56:46.370+03:00  INFO 92491 --- [main] g.qa.rococo.service.PropertiesLogger     : user.variant=
2024-03-16T22:56:46.370+03:00  INFO 92491 --- [main] g.qa.rococo.service.PropertiesLogger     : ******* systemEnvironment *******
2024-03-16T22:56:46.371+03:00  INFO 92491 --- [main] g.qa.rococo.service.PropertiesLogger     : COMMAND_MODE=unix2003
2024-03-16T22:56:46.371+03:00  INFO 92491 --- [main] g.qa.rococo.service.PropertiesLogger     : HOME=/Users/ruacbr
2024-03-16T22:56:46.371+03:00  INFO 92491 --- [main] g.qa.rococo.service.PropertiesLogger     : JAVA_HOME=/Users/ruacbr/.sdkman/candidates/java/current
2024-03-16T22:56:46.371+03:00  INFO 92491 --- [main] g.qa.rococo.service.PropertiesLogger     : JAVA_MAIN_CLASS_92491=guru.qa.rococo.RococoArtistApplication
2024-03-16T22:56:46.371+03:00  INFO 92491 --- [main] g.qa.rococo.service.PropertiesLogger     : KOTLIN_HOME=/Users/ruacbr/.sdkman/candidates/kotlin/current
2024-03-16T22:56:46.371+03:00  INFO 92491 --- [main] g.qa.rococo.service.PropertiesLogger     : LC_CTYPE=en_GB.UTF-8
2024-03-16T22:56:46.372+03:00  INFO 92491 --- [main] g.qa.rococo.service.PropertiesLogger     : LOGNAME=ruacbr
2024-03-16T22:56:46.372+03:00  INFO 92491 --- [main] g.qa.rococo.service.PropertiesLogger     : NVM_BIN=/Users/ruacbr/.nvm/versions/node/v18.13.0/bin
2024-03-16T22:56:46.372+03:00  INFO 92491 --- [main] g.qa.rococo.service.PropertiesLogger     : NVM_CD_FLAGS=
2024-03-16T22:56:46.372+03:00  INFO 92491 --- [main] g.qa.rococo.service.PropertiesLogger     : NVM_DIR=/Users/ruacbr/.nvm
2024-03-16T22:56:46.372+03:00  INFO 92491 --- [main] g.qa.rococo.service.PropertiesLogger     : NVM_INC=/Users/ruacbr/.nvm/versions/node/v18.13.0/include/node
2024-03-16T22:56:46.372+03:00  INFO 92491 --- [main] g.qa.rococo.service.PropertiesLogger     : PATH=/Users/ruacbr/.nvm/versions/node/v18.13.0/bin:/Users/ruacbr/.sdkman/candidates/kotlin/current/bin:/Users/ruacbr/.sdkman/candidates/java/current/bin:/usr/local/bin:/usr/bin:/bin:/usr/sbin:/sbin:/usr/local/munki:/Library/Apple/usr/bin:/Users/ruacbr/.rvm/bin
2024-03-16T22:56:46.373+03:00  INFO 92491 --- [main] g.qa.rococo.service.PropertiesLogger     : SDKMAN_CANDIDATES_API=https://api.sdkman.io/2
2024-03-16T22:56:46.373+03:00  INFO 92491 --- [main] g.qa.rococo.service.PropertiesLogger     : SDKMAN_CANDIDATES_DIR=/Users/ruacbr/.sdkman/candidates
2024-03-16T22:56:46.373+03:00  INFO 92491 --- [main] g.qa.rococo.service.PropertiesLogger     : SDKMAN_DIR=/Users/ruacbr/.sdkman
2024-03-16T22:56:46.373+03:00  INFO 92491 --- [main] g.qa.rococo.service.PropertiesLogger     : SDKMAN_PLATFORM=darwinx64
2024-03-16T22:56:46.373+03:00  INFO 92491 --- [main] g.qa.rococo.service.PropertiesLogger     : SDKMAN_VERSION=5.13.1
2024-03-16T22:56:46.373+03:00  INFO 92491 --- [main] g.qa.rococo.service.PropertiesLogger     : SHELL=/bin/bash
2024-03-16T22:56:46.374+03:00  INFO 92491 --- [main] g.qa.rococo.service.PropertiesLogger     : SSH_AUTH_SOCK=/private/tmp/com.apple.launchd.vASygICobv/Listeners
2024-03-16T22:56:46.374+03:00  INFO 92491 --- [main] g.qa.rococo.service.PropertiesLogger     : TMPDIR=/var/folders/hc/39l10lj50xqfndl7vvj_y5w81hd6c4/T/
2024-03-16T22:56:46.374+03:00  INFO 92491 --- [main] g.qa.rococo.service.PropertiesLogger     : USER=ruacbr
2024-03-16T22:56:46.374+03:00  INFO 92491 --- [main] g.qa.rococo.service.PropertiesLogger     : XPC_FLAGS=0x0
2024-03-16T22:56:46.374+03:00  INFO 92491 --- [main] g.qa.rococo.service.PropertiesLogger     : XPC_SERVICE_NAME=application.com.jetbrains.intellij.ce.2080596.2081591
2024-03-16T22:56:46.374+03:00  INFO 92491 --- [main] g.qa.rococo.service.PropertiesLogger     : __CFBundleIdentifier=com.jetbrains.intellij.ce
2024-03-16T22:56:46.375+03:00  INFO 92491 --- [main] g.qa.rococo.service.PropertiesLogger     : __CF_USER_TEXT_ENCODING=0x3069984:0x0:0x2
2024-03-16T22:56:46.375+03:00  INFO 92491 --- [main] g.qa.rococo.service.PropertiesLogger     : rvm_bin_path=/Users/ruacbr/.rvm/bin
2024-03-16T22:56:46.375+03:00  INFO 92491 --- [main] g.qa.rococo.service.PropertiesLogger     : rvm_path=/Users/ruacbr/.rvm
2024-03-16T22:56:46.375+03:00  INFO 92491 --- [main] g.qa.rococo.service.PropertiesLogger     : rvm_prefix=/Users/ruacbr
2024-03-16T22:56:46.375+03:00  INFO 92491 --- [main] g.qa.rococo.service.PropertiesLogger     : rvm_version=1.29.12 (latest)
2024-03-16T22:56:46.375+03:00  INFO 92491 --- [main] g.qa.rococo.service.PropertiesLogger     : ******* springCloudClientHostInfo *******
2024-03-16T22:56:46.375+03:00  INFO 92491 --- [main] g.qa.rococo.service.PropertiesLogger     : spring.cloud.client.hostname=192.168.31.88
2024-03-16T22:56:46.376+03:00  INFO 92491 --- [main] g.qa.rococo.service.PropertiesLogger     : spring.cloud.client.ip-address=192.168.31.88
2024-03-16T22:56:46.376+03:00  INFO 92491 --- [main] g.qa.rococo.service.PropertiesLogger     : ******* Config resource 'class path resource [application.yaml]' via location 'optional:classpath:/' (document #1) *******
2024-03-16T22:56:46.376+03:00  INFO 92491 --- [main] g.qa.rococo.service.PropertiesLogger     : grpc.client.grpcCurrencyClient.address=static://localhost:8092
2024-03-16T22:56:46.376+03:00  INFO 92491 --- [main] g.qa.rococo.service.PropertiesLogger     : grpc.client.grpcCurrencyClient.negotiationType=PLAINTEXT
2024-03-16T22:56:46.376+03:00  INFO 92491 --- [main] g.qa.rococo.service.PropertiesLogger     : rococo-userdata.base-uri=http://127.0.0.1:8089
2024-03-16T22:56:46.376+03:00  INFO 92491 --- [main] g.qa.rococo.service.PropertiesLogger     : spring.autoconfigure.exclude[0]=org.springframework.cloud.vault.config.VaultAutoConfiguration
2024-03-16T22:56:46.376+03:00  INFO 92491 --- [main] g.qa.rococo.service.PropertiesLogger     : spring.autoconfigure.exclude[1]=org.springframework.cloud.vault.config.VaultObservationAutoConfiguration
2024-03-16T22:56:46.377+03:00  INFO 92491 --- [main] g.qa.rococo.service.PropertiesLogger     : spring.autoconfigure.exclude[2]=org.springframework.cloud.vault.config.VaultReactiveAutoConfiguration
2024-03-16T22:56:46.377+03:00  INFO 92491 --- [main] g.qa.rococo.service.PropertiesLogger     : spring.config.activate.on-profile=local
2024-03-16T22:56:46.377+03:00  INFO 92491 --- [main] g.qa.rococo.service.PropertiesLogger     : spring.datasource.password=secret
2024-03-16T22:56:46.377+03:00  INFO 92491 --- [main] g.qa.rococo.service.PropertiesLogger     : spring.datasource.url=jdbc:postgresql://localhost:5432/rococo-artist
2024-03-16T22:56:46.377+03:00  INFO 92491 --- [main] g.qa.rococo.service.PropertiesLogger     : spring.datasource.username=postgres
2024-03-16T22:56:46.377+03:00  INFO 92491 --- [main] g.qa.rococo.service.PropertiesLogger     : ******* Config resource 'class path resource [application.yaml]' via location 'optional:classpath:/' (document #0) *******
2024-03-16T22:56:46.378+03:00  INFO 92491 --- [main] g.qa.rococo.service.PropertiesLogger     : logging.file.name=spend.log
2024-03-16T22:56:46.378+03:00  INFO 92491 --- [main] g.qa.rococo.service.PropertiesLogger     : logging.level.org.springframework.security=DEBUG
2024-03-16T22:56:46.378+03:00  INFO 92491 --- [main] g.qa.rococo.service.PropertiesLogger     : logging.level.org.springframework.security.oauth2=DEBUG
2024-03-16T22:56:46.378+03:00  INFO 92491 --- [main] g.qa.rococo.service.PropertiesLogger     : logging.level.org.springframework.web=DEBUG
2024-03-16T22:56:46.378+03:00  INFO 92491 --- [main] g.qa.rococo.service.PropertiesLogger     : logging.level.root=INFO
2024-03-16T22:56:46.378+03:00  INFO 92491 --- [main] g.qa.rococo.service.PropertiesLogger     : server.error.include.message=true
2024-03-16T22:56:46.379+03:00  INFO 92491 --- [main] g.qa.rococo.service.PropertiesLogger     : server.port=8093
2024-03-16T22:56:46.379+03:00  INFO 92491 --- [main] g.qa.rococo.service.PropertiesLogger     : spring.application.name=rococo-artist
2024-03-16T22:56:46.379+03:00  INFO 92491 --- [main] g.qa.rococo.service.PropertiesLogger     : spring.datasource.hikari.auto-commit=true
2024-03-16T22:56:46.379+03:00  INFO 92491 --- [main] g.qa.rococo.service.PropertiesLogger     : spring.datasource.hikari.connection-timeout=20000
2024-03-16T22:56:46.379+03:00  INFO 92491 --- [main] g.qa.rococo.service.PropertiesLogger     : spring.datasource.hikari.idle-timeout=10000
2024-03-16T22:56:46.379+03:00  INFO 92491 --- [main] g.qa.rococo.service.PropertiesLogger     : spring.datasource.hikari.max-lifetime=1000
2024-03-16T22:56:46.380+03:00  INFO 92491 --- [main] g.qa.rococo.service.PropertiesLogger     : spring.datasource.hikari.maximum-pool-size=30
2024-03-16T22:56:46.380+03:00  INFO 92491 --- [main] g.qa.rococo.service.PropertiesLogger     : spring.datasource.hikari.minimum-idle=10
2024-03-16T22:56:46.380+03:00  INFO 92491 --- [main] g.qa.rococo.service.PropertiesLogger     : spring.flyway.baseline-on-migrate=true
2024-03-16T22:56:46.380+03:00  INFO 92491 --- [main] g.qa.rococo.service.PropertiesLogger     : spring.flyway.baseline-version=0
2024-03-16T22:56:46.380+03:00  INFO 92491 --- [main] g.qa.rococo.service.PropertiesLogger     : spring.flyway.enabled=true
2024-03-16T22:56:46.380+03:00  INFO 92491 --- [main] g.qa.rococo.service.PropertiesLogger     : spring.flyway.locations=classpath:db/migration/rococo-artist
2024-03-16T22:56:46.380+03:00  INFO 92491 --- [main] g.qa.rococo.service.PropertiesLogger     : spring.flyway.schemas=public
2024-03-16T22:56:46.380+03:00  INFO 92491 --- [main] g.qa.rococo.service.PropertiesLogger     : spring.jpa.database-platform=org.hibernate.dialect.PostgreSQLDialect
2024-03-16T22:56:46.381+03:00  INFO 92491 --- [main] g.qa.rococo.service.PropertiesLogger     : spring.jpa.generate-ddl=true
2024-03-16T22:56:46.381+03:00  INFO 92491 --- [main] g.qa.rococo.service.PropertiesLogger     : spring.jpa.hibernate.ddl-auto=none
2024-03-16T22:56:46.381+03:00  INFO 92491 --- [main] g.qa.rococo.service.PropertiesLogger     : spring.jpa.open-in-view=false
2024-03-16T22:56:46.381+03:00  INFO 92491 --- [main] g.qa.rococo.service.PropertiesLogger     : spring.jpa.properties.hibernate.jdbc.lob.non_contextual_creation=true
2024-03-16T22:56:46.381+03:00  INFO 92491 --- [main] g.qa.rococo.service.PropertiesLogger     : spring.jpa.show-sql=false
2024-03-16T22:56:47.080+03:00  INFO 92491 --- [main] .s.d.r.c.RepositoryConfigurationDelegate : Bootstrapping Spring Data JPA repositories in DEFAULT mode.
2024-03-16T22:56:47.176+03:00  INFO 92491 --- [main] .s.d.r.c.RepositoryConfigurationDelegate : Finished Spring Data repository scanning in 87 ms. Found 1 JPA repository interfaces.
2024-03-16T22:56:47.393+03:00  INFO 92491 --- [main] o.s.cloud.context.scope.GenericScope     : BeanFactory id=854887ca-c872-30fb-8e63-2d5966fabcdf
2024-03-16T22:56:47.789+03:00  INFO 92491 --- [main] o.s.b.w.embedded.tomcat.TomcatWebServer  : Tomcat initialized with port(s): 8093 (http)
2024-03-16T22:56:47.801+03:00  INFO 92491 --- [main] o.apache.catalina.core.StandardService   : Starting service [Tomcat]
2024-03-16T22:56:47.801+03:00  INFO 92491 --- [main] o.apache.catalina.core.StandardEngine    : Starting Servlet engine: [Apache Tomcat/10.1.12]
2024-03-16T22:56:47.914+03:00  INFO 92491 --- [main] o.a.c.c.C.[Tomcat].[localhost].[/]       : Initializing Spring embedded WebApplicationContext
2024-03-16T22:56:47.914+03:00  INFO 92491 --- [main] w.s.c.ServletWebServerApplicationContext : Root WebApplicationContext: initialization completed in 1533 ms
2024-03-16T22:56:48.023+03:00  WARN 92491 --- [main] com.zaxxer.hikari.HikariConfig           : HikariPool-1 - maxLifetime is less than 30000ms, setting to default 1800000ms.
2024-03-16T22:56:48.023+03:00  INFO 92491 --- [main] com.zaxxer.hikari.HikariDataSource       : HikariPool-1 - Starting...
2024-03-16T22:56:48.222+03:00  INFO 92491 --- [main] com.zaxxer.hikari.pool.HikariPool        : HikariPool-1 - Added connection org.postgresql.jdbc.PgConnection@235c997d
2024-03-16T22:56:48.224+03:00  INFO 92491 --- [main] com.zaxxer.hikari.HikariDataSource       : HikariPool-1 - Start completed.
2024-03-16T22:56:48.297+03:00  INFO 92491 --- [main] o.f.c.internal.license.VersionPrinter    : Flyway Community Edition 9.22.2 by Redgate
2024-03-16T22:56:48.297+03:00  INFO 92491 --- [main] o.f.c.internal.license.VersionPrinter    : See release notes here: https://rd.gt/416ObMi
2024-03-16T22:56:48.297+03:00  INFO 92491 --- [main] o.f.c.internal.license.VersionPrinter    : 
2024-03-16T22:56:48.312+03:00  INFO 92491 --- [main] org.flywaydb.core.FlywayExecutor         : Database: jdbc:postgresql://localhost:5432/rococo-artist (PostgreSQL 15.1)
2024-03-16T22:56:48.339+03:00  INFO 92491 --- [main] o.f.c.i.s.JdbcTableSchemaHistory         : Schema history table "public"."flyway_schema_history" does not exist yet
2024-03-16T22:56:48.342+03:00  INFO 92491 --- [main] o.f.core.internal.command.DbValidate     : Successfully validated 2 migrations (execution time 00:00.015s)
2024-03-16T22:56:48.355+03:00  INFO 92491 --- [main] o.f.c.i.s.JdbcTableSchemaHistory         : Creating Schema History table "public"."flyway_schema_history" ...
2024-03-16T22:56:48.398+03:00  INFO 92491 --- [main] o.f.core.internal.command.DbMigrate      : Current version of schema "public": << Empty Schema >>
2024-03-16T22:56:48.405+03:00  INFO 92491 --- [main] o.f.core.internal.command.DbMigrate      : Migrating schema "public" to version "1 - schema init"
2024-03-16T22:56:48.436+03:00  INFO 92491 --- [main] o.f.core.internal.command.DbMigrate      : Migrating schema "public" to version "2 - rename tables"
2024-03-16T22:56:48.452+03:00  INFO 92491 --- [main] o.f.core.internal.command.DbMigrate      : Successfully applied 2 migrations to schema "public", now at version v2 (execution time 00:00.022s)
2024-03-16T22:56:48.535+03:00  INFO 92491 --- [main] o.hibernate.jpa.internal.util.LogHelper  : HHH000204: Processing PersistenceUnitInfo [name: default]
2024-03-16T22:56:48.599+03:00  INFO 92491 --- [main] org.hibernate.Version                    : HHH000412: Hibernate ORM core version 6.2.7.Final
2024-03-16T22:56:48.604+03:00  INFO 92491 --- [main] org.hibernate.cfg.Environment            : HHH000406: Using bytecode reflection optimizer
2024-03-16T22:56:48.754+03:00  INFO 92491 --- [main] o.h.b.i.BytecodeProviderInitiator        : HHH000021: Bytecode provider name : bytebuddy
2024-03-16T22:56:48.892+03:00  INFO 92491 --- [main] o.s.o.j.p.SpringPersistenceUnitInfo      : No LoadTimeWeaver setup: ignoring JPA class transformer
2024-03-16T22:56:49.100+03:00  INFO 92491 --- [main] o.h.b.i.BytecodeProviderInitiator        : HHH000021: Bytecode provider name : bytebuddy
2024-03-16T22:56:49.643+03:00  INFO 92491 --- [main] o.h.e.t.j.p.i.JtaPlatformInitiator       : HHH000490: Using JtaPlatform implementation: [org.hibernate.engine.transaction.jta.platform.internal.NoJtaPlatform]
2024-03-16T22:56:49.680+03:00  INFO 92491 --- [main] j.LocalContainerEntityManagerFactoryBean : Initialized JPA EntityManagerFactory for persistence unit 'default'
2024-03-16T22:56:50.053+03:00 DEBUG 92491 --- [main] s.w.s.m.m.a.RequestMappingHandlerAdapter : ControllerAdvice beans: 0 @ModelAttribute, 0 @InitBinder, 1 RequestBodyAdvice, 1 ResponseBodyAdvice
2024-03-16T22:56:50.134+03:00 DEBUG 92491 --- [main] s.w.s.m.m.a.RequestMappingHandlerMapping : 5 mappings in 'requestMappingHandlerMapping'
2024-03-16T22:56:50.152+03:00 DEBUG 92491 --- [main] o.s.w.s.handler.SimpleUrlHandlerMapping  : Patterns [/webjars/**, /**] in 'resourceHandlerMapping'
2024-03-16T22:56:50.163+03:00 DEBUG 92491 --- [main] .m.m.a.ExceptionHandlerExceptionResolver : ControllerAdvice beans: 0 @ExceptionHandler, 1 ResponseBodyAdvice
2024-03-16T22:56:50.303+03:00  INFO 92491 --- [main] o.s.b.w.embedded.tomcat.TomcatWebServer  : Tomcat started on port(s): 8093 (http) with context path ''
2024-03-16T22:56:50.329+03:00  INFO 92491 --- [main] guru.qa.rococo.RococoArtistApplication   : Started RococoArtistApplication in 4.706 seconds (process running for 5.326)
2024-03-16T23:11:58.835+03:00  INFO 92491 --- [SpringApplicationShutdownHook] j.LocalContainerEntityManagerFactoryBean : Closing JPA EntityManagerFactory for persistence unit 'default'
2024-03-16T23:11:58.847+03:00  INFO 92491 --- [SpringApplicationShutdownHook] com.zaxxer.hikari.HikariDataSource       : HikariPool-1 - Shutdown initiated...
2024-03-16T23:11:58.852+03:00  INFO 92491 --- [SpringApplicationShutdownHook] com.zaxxer.hikari.HikariDataSource       : HikariPool-1 - Shutdown completed.
