2024-03-31T10:32:17.674+03:00  INFO 70650 --- [main] g.qa.rococo.RococoUserdataApplication    : Starting RococoUserdataApplication using Java 17.0.9 with PID 70650 (/Users/ruacbr/Developer/ed/rococo/rococo-userdata/build/classes/java/main started by ruacbr in /Users/ruacbr/Developer/ed/rococo)
2024-03-31T10:32:17.690+03:00  INFO 70650 --- [main] g.qa.rococo.RococoUserdataApplication    : The following 1 profile is active: "local"
2024-03-31T10:32:17.772+03:00  INFO 70650 --- [main] g.qa.rococo.service.PropertiesLogger     : ******* systemProperties *******
2024-03-31T10:32:17.772+03:00  INFO 70650 --- [main] g.qa.rococo.service.PropertiesLogger     : CONSOLE_LOG_CHARSET=UTF-8
2024-03-31T10:32:17.774+03:00  INFO 70650 --- [main] g.qa.rococo.service.PropertiesLogger     : FILE_LOG_CHARSET=UTF-8
2024-03-31T10:32:17.775+03:00  INFO 70650 --- [main] g.qa.rococo.service.PropertiesLogger     : LOG_FILE=userdata.log
2024-03-31T10:32:17.775+03:00  INFO 70650 --- [main] g.qa.rococo.service.PropertiesLogger     : PID=70650
2024-03-31T10:32:17.775+03:00  INFO 70650 --- [main] g.qa.rococo.service.PropertiesLogger     : file.encoding=UTF-8
2024-03-31T10:32:17.775+03:00  INFO 70650 --- [main] g.qa.rococo.service.PropertiesLogger     : file.separator=/
2024-03-31T10:32:17.776+03:00  INFO 70650 --- [main] g.qa.rococo.service.PropertiesLogger     : java.awt.headless=true
2024-03-31T10:32:17.776+03:00  INFO 70650 --- [main] g.qa.rococo.service.PropertiesLogger     : java.class.path=/Users/ruacbr/Developer/ed/rococo/rococo-userdata/build/classes/java/main:/Users/ruacbr/Developer/ed/rococo/rococo-userdata/build/resources/main:/Users/ruacbr/.gradle/caches/modules-2/files-2.1/org.springframework.boot/spring-boot-starter-web-services/3.1.3/8d2738cb47f2e2c4e2fef2dfc7ea87968b9d4081/spring-boot-starter-web-services-3.1.3.jar:/Users/ruacbr/.gradle/caches/modules-2/files-2.1/org.springframework.boot/spring-boot-starter-web/3.1.3/d4326db157b4cf73647ae69b588de0dc65cb702/spring-boot-starter-web-3.1.3.jar:/Users/ruacbr/.gradle/caches/modules-2/files-2.1/org.springframework.kafka/spring-kafka/3.0.11/8b93bea478da5f83629a054f51db38e50c7758d0/spring-kafka-3.0.11.jar:/Users/ruacbr/.gradle/caches/modules-2/files-2.1/org.springframework.boot/spring-boot-starter-data-jpa/3.1.3/f0a12154dd3ecee15f6b0ad9cc8025cb600cbbfc/spring-boot-starter-data-jpa-3.1.3.jar:/Users/ruacbr/.gradle/caches/modules-2/files-2.1/org.springframework.cloud/spring-cloud-starter-vault-config/4.0.1/d33c367b7e04f8e230a6a04fa460d822bd2d5189/spring-cloud-starter-vault-config-4.0.1.jar:/Users/ruacbr/.gradle/caches/modules-2/files-2.1/org.flywaydb/flyway-core/9.22.2/d484d08c15354a6107d46f54f7bc200b29009e33/flyway-core-9.22.2.jar:/Users/ruacbr/.gradle/caches/modules-2/files-2.1/wsdl4j/wsdl4j/1.6.3/6d106a6845a3d3477a1560008479312888e94f2f/wsdl4j-1.6.3.jar:/Users/ruacbr/.gradle/caches/modules-2/files-2.1/org.postgresql/postgresql/42.7.2/86ed42574cd68662b05d3b00432a34e9a34cb12c/postgresql-42.7.2.jar:/Users/ruacbr/.gradle/caches/modules-2/files-2.1/org.springframework.boot/spring-boot-starter-json/3.1.3/853a7b3152846d685e38c34ad8e14f221228c846/spring-boot-starter-json-3.1.3.jar:/Users/ruacbr/.gradle/caches/modules-2/files-2.1/org.springframework.boot/spring-boot-starter-aop/3.1.3/fd9c2fbba8e627f6d76c30915fab059396c91243/spring-boot-starter-aop-3.1.3.jar:/Users/ruacbr/.gradle/caches/modules-2/files-2.1/org.springframework.boot/spring-boot-starter-jdbc/3.1.3/149a8252a24b88b92b64918781222e225297f956/spring-boot-starter-jdbc-3.1.3.jar:/Users/ruacbr/.gradle/caches/modules-2/files-2.1/org.springframework.cloud/spring-cloud-vault-config/4.0.1/fefa6baf9a4bde79a4c106d19ed51943fc68707e/spring-cloud-vault-config-4.0.1.jar:/Users/ruacbr/.gradle/caches/modules-2/files-2.1/org.springframework.cloud/spring-cloud-starter/4.0.2/58a0100c21cc5846109d888f6142d01b0ede5188/spring-cloud-starter-4.0.2.jar:/Users/ruacbr/.gradle/caches/modules-2/files-2.1/org.springframework.boot/spring-boot-starter/3.1.3/c59f038f005cf8fb3338b7b9e50e9a65bac1ebca/spring-boot-starter-3.1.3.jar:/Users/ruacbr/.gradle/caches/modules-2/files-2.1/org.springframework.boot/spring-boot-starter-tomcat/3.1.3/af588c29407cd056296be081c281b3e196c4860a/spring-boot-starter-tomcat-3.1.3.jar:/Users/ruacbr/.gradle/caches/modules-2/files-2.1/org.springframework.ws/spring-ws-core/4.0.5/9c987c1397e52582e5d8c1fc0210ac31d45edd56/spring-ws-core-4.0.5.jar:/Users/ruacbr/.gradle/caches/modules-2/files-2.1/org.springframework/spring-webmvc/6.0.11/892b4a63b5d930c2c43058c6db0c2c65401fb078/spring-webmvc-6.0.11.jar:/Users/ruacbr/.gradle/caches/modules-2/files-2.1/org.springframework/spring-web/6.0.11/c32a7bf6b88b83bac6aa63866fcf208892640446/spring-web-6.0.11.jar:/Users/ruacbr/.gradle/caches/modules-2/files-2.1/com.google.code.findbugs/jsr305/3.0.2/25ea2e8b0c338a877313bd4672d3fe056ea78f0d/jsr305-3.0.2.jar:/Users/ruacbr/.gradle/caches/modules-2/files-2.1/org.springframework.data/spring-data-jpa/3.1.3/b521cf73f77556938bb6a8a7330a6f948152381b/spring-data-jpa-3.1.3.jar:/Users/ruacbr/.gradle/caches/modules-2/files-2.1/org.springframework.vault/spring-vault-core/3.0.2/fbed232142f0952834e25f64e030dce63923916/spring-vault-core-3.0.2.jar:/Users/ruacbr/.gradle/caches/modules-2/files-2.1/org.springframework.boot/spring-boot-autoconfigure/3.1.3/d7d4e0cdf5a42158a5460feb67d0c56aba2ef8b2/spring-boot-autoconfigure-3.1.3.jar:/Users/ruacbr/.gradle/caches/modules-2/files-2.1/org.springframework.boot/spring-boot/3.1.3/7161dbfbbdde423513c89deae00da8068319a26a/spring-boot-3.1.3.jar:/Users/ruacbr/.gradle/caches/modules-2/files-2.1/org.springframework.ws/spring-xml/4.0.5/da2b211233004560743e01e246e1616f5eafc1e9/spring-xml-4.0.5.jar:/Users/ruacbr/.gradle/caches/modules-2/files-2.1/org.springframework/spring-context/6.0.11/a7b10f3d3c1492bfc4e6d7c966cd2e21f4d441f5/spring-context-6.0.11.jar:/Users/ruacbr/.gradle/caches/modules-2/files-2.1/org.springframework/spring-messaging/6.0.11/18cb0c2e15e49212119bd48b2303e2c0c081c58d/spring-messaging-6.0.11.jar:/Users/ruacbr/.gradle/caches/modules-2/files-2.1/org.springframework/spring-orm/6.0.11/dde0c5f956052c8c3865e95202dd35b7437b2c6f/spring-orm-6.0.11.jar:/Users/ruacbr/.gradle/caches/modules-2/files-2.1/org.springframework/spring-jdbc/6.0.11/dc495b5cb8052f044fd29aa68bb2231b1895b8f4/spring-jdbc-6.0.11.jar:/Users/ruacbr/.gradle/caches/modules-2/files-2.1/org.springframework/spring-tx/6.0.11/59cd03d2ba6968ade8c192b4d6488efb48ec36f/spring-tx-6.0.11.jar:/Users/ruacbr/.gradle/caches/modules-2/files-2.1/org.springframework.retry/spring-retry/2.0.2/bd0d8859447e4311c0e0e4bfb5d571d57d9011cf/spring-retry-2.0.2.jar:/Users/ruacbr/.gradle/caches/modules-2/files-2.1/org.apache.kafka/kafka-clients/3.4.1/a2f55251deb3d31a21903a0cfbd4d1fa6b7463ca/kafka-clients-3.4.1.jar:/Users/ruacbr/.gradle/caches/modules-2/files-2.1/io.micrometer/micrometer-observation/1.11.3/aaea9efe8f00c184b12f729a2f37e18ca4f33b8d/micrometer-observation-1.11.3.jar:/Users/ruacbr/.gradle/caches/modules-2/files-2.1/com.sun.xml.messaging.saaj/saaj-impl/3.0.2/5d8c1f0b6b759bd84730708fe2ffd11ceba12dcf/saaj-impl-3.0.2.jar:/Users/ruacbr/.gradle/caches/modules-2/files-2.1/jakarta.xml.ws/jakarta.xml.ws-api/4.0.0/8d34d7e1655da4e77e57ebadf8cf4df551501bab/jakarta.xml.ws-api-4.0.0.jar:/Users/ruacbr/.gradle/caches/modules-2/files-2.1/org.springframework/spring-oxm/6.0.11/5a43d5166319bf3739ab08b0822e82f28c2cfae/spring-oxm-6.0.11.jar:/Users/ruacbr/.gradle/caches/modules-2/files-2.1/org.hibernate.orm/hibernate-core/6.2.7.Final/41ef07e4272936741bd47cb638d4f10d06bdb86/hibernate-core-6.2.7.Final.jar:/Users/ruacbr/.gradle/caches/modules-2/files-2.1/org.springframework/spring-aspects/6.0.11/7b6fcc5d4f06c36c332b7a122dca863163a127d4/spring-aspects-6.0.11.jar:/Users/ruacbr/.gradle/caches/modules-2/files-2.1/org.apache.httpcomponents.client5/httpclient5/5.2.1/c900514d3446d9ce5d9dbd90c21192048125440/httpclient5-5.2.1.jar:/Users/ruacbr/.gradle/caches/modules-2/files-2.1/org.apache.httpcomponents.core5/httpcore5-h2/5.2.2/54ee1ed58fe8ac40be1083ea9873a6c734939ab9/httpcore5-h2-5.2.2.jar:/Users/ruacbr/.gradle/caches/modules-2/files-2.1/org.apache.httpcomponents.core5/httpcore5/5.2.2/6da28f5aa6c2b129ef49632e041a5203ce7507b2/httpcore5-5.2.2.jar:/Users/ruacbr/.gradle/caches/modules-2/files-2.1/com.fasterxml.jackson.datatype/jackson-datatype-jdk8/2.15.2/66a50e089cfd2f93896b9b6f7a734cea7bcf2f31/jackson-datatype-jdk8-2.15.2.jar:/Users/ruacbr/.gradle/caches/modules-2/files-2.1/com.fasterxml.jackson.datatype/jackson-datatype-jsr310/2.15.2/30d16ec2aef6d8094c5e2dce1d95034ca8b6cb42/jackson-datatype-jsr310-2.15.2.jar:/Users/ruacbr/.gradle/caches/modules-2/files-2.1/com.fasterxml.jackson.module/jackson-module-parameter-names/2.15.2/75f8d2788db20f6c587c7a19e94fb6248c314241/jackson-module-parameter-names-2.15.2.jar:/Users/ruacbr/.gradle/caches/modules-2/files-2.1/com.fasterxml.jackson.core/jackson-databind/2.15.2/9353b021f10c307c00328f52090de2bdb4b6ff9c/jackson-databind-2.15.2.jar:/Users/ruacbr/.gradle/caches/modules-2/files-2.1/com.fasterxml.jackson.core/jackson-core/2.15.2/a6fe1836469a69b3ff66037c324d75fc66ef137c/jackson-core-2.15.2.jar:/Users/ruacbr/.gradle/caches/modules-2/files-2.1/com.fasterxml.jackson.core/jackson-annotations/2.15.2/4724a65ac8e8d156a24898d50fd5dbd3642870b8/jackson-annotations-2.15.2.jar:/Users/ruacbr/.gradle/caches/modules-2/files-2.1/com.fasterxml.jackson.dataformat/jackson-dataformat-toml/2.15.2/eb495841634034db2c635519c4048e96188bdc36/jackson-dataformat-toml-2.15.2.jar:/Users/ruacbr/.gradle/caches/modules-2/files-2.1/com.google.code.gson/gson/2.10.1/b3add478d4382b78ea20b1671390a858002feb6c/gson-2.10.1.jar:/Users/ruacbr/.gradle/caches/modules-2/files-2.1/org.checkerframework/checker-qual/3.42.0/638ec33f363a94d41a4f03c3e7d3dcfba64e402d/checker-qual-3.42.0.jar:/Users/ruacbr/.gradle/caches/modules-2/files-2.1/org.springframework.boot/spring-boot-starter-logging/3.1.3/8a4402a80f01fb8193907b1ea6c9f4a71df6589e/spring-boot-starter-logging-3.1.3.jar:/Users/ruacbr/.gradle/caches/modules-2/files-2.1/jakarta.annotation/jakarta.annotation-api/2.1.1/48b9bda22b091b1f48b13af03fe36db3be6e1ae3/jakarta.annotation-api-2.1.1.jar:/Users/ruacbr/.gradle/caches/modules-2/files-2.1/org.springframework/spring-aop/6.0.11/15b85c825558fadb85e3c77779d7225ce7e4a7bc/spring-aop-6.0.11.jar:/Users/ruacbr/.gradle/caches/modules-2/files-2.1/org.springframework.data/spring-data-commons/3.1.3/afd3a74a2cd476022c6cdfd6679120f0e69e0f50/spring-data-commons-3.1.3.jar:/Users/ruacbr/.gradle/caches/modules-2/files-2.1/org.springframework/spring-beans/6.0.11/8513efc6e94b407b5cd85f69eeec511f1ef34164/spring-beans-6.0.11.jar:/Users/ruacbr/.gradle/caches/modules-2/files-2.1/org.springframework/spring-expression/6.0.11/1d0940120a275719c3988c592068f4acf807fe59/spring-expression-6.0.11.jar:/Users/ruacbr/.gradle/caches/modules-2/files-2.1/org.springframework/spring-core/6.0.11/87834b5cf95c6fa28f5bdf8a85e0daf0bff918a8/spring-core-6.0.11.jar:/Users/ruacbr/.gradle/caches/modules-2/files-2.1/org.yaml/snakeyaml/1.33/2cd0a87ff7df953f810c344bdf2fe3340b954c69/snakeyaml-1.33.jar:/Users/ruacbr/.gradle/caches/modules-2/files-2.1/org.apache.tomcat.embed/tomcat-embed-websocket/10.1.12/c96beb8e6d5a6783d6e026909aa65c2aaa6d95da/tomcat-embed-websocket-10.1.12.jar:/Users/ruacbr/.gradle/caches/modules-2/files-2.1/org.apache.tomcat.embed/tomcat-embed-core/10.1.12/55acd05b20308a39d08a6a02e8f8bc0c17b7b5f/tomcat-embed-core-10.1.12.jar:/Users/ruacbr/.gradle/caches/modules-2/files-2.1/org.apache.tomcat.embed/tomcat-embed-el/10.1.12/2a8cfb1053b6f7c445d78186ac32c73eb773973c/tomcat-embed-el-10.1.12.jar:/Users/ruacbr/.gradle/caches/modules-2/files-2.1/com.github.luben/zstd-jni/1.5.2-1/fad786abc1d1b81570e8d9a2fc8a1ef479bc27b6/zstd-jni-1.5.2-1.jar:/Users/ruacbr/.gradle/caches/modules-2/files-2.1/org.lz4/lz4-java/1.8.0/4b986a99445e49ea5fbf5d149c4b63f6ed6c6780/lz4-java-1.8.0.jar:/Users/ruacbr/.gradle/caches/modules-2/files-2.1/org.xerial.snappy/snappy-java/1.1.8.4/66f0d56454509f6e36175f2331572e250e04a6cc/snappy-java-1.1.8.4.jar:/Users/ruacbr/.gradle/caches/modules-2/files-2.1/com.zaxxer/HikariCP/5.0.1/a74c7f0a37046846e88d54f7cb6ea6d565c65f9c/HikariCP-5.0.1.jar:/Users/ruacbr/.gradle/caches/modules-2/files-2.1/ch.qos.logback/logback-classic/1.4.11/54450c0c783e896a1a6d88c043bd2f1daba1c382/logback-classic-1.4.11.jar:/Users/ruacbr/.gradle/caches/modules-2/files-2.1/org.apache.logging.log4j/log4j-to-slf4j/2.20.0/d37f81f8978e2672bc32c82712ab4b3f66624adc/log4j-to-slf4j-2.20.0.jar:/Users/ruacbr/.gradle/caches/modules-2/files-2.1/org.slf4j/jul-to-slf4j/2.0.7/a48f44aeaa8a5ddc347007298a28173ac1fbbd8b/jul-to-slf4j-2.0.7.jar:/Users/ruacbr/.gradle/caches/modules-2/files-2.1/org.slf4j/slf4j-api/2.0.7/41eb7184ea9d556f23e18b5cb99cad1f8581fc00/slf4j-api-2.0.7.jar:/Users/ruacbr/.gradle/caches/modules-2/files-2.1/io.micrometer/micrometer-commons/1.11.3/3422d6b1e5ce99cc3ad9ae83dbc83409e2f07603/micrometer-commons-1.11.3.jar:/Users/ruacbr/.gradle/caches/modules-2/files-2.1/jakarta.xml.soap/jakarta.xml.soap-api/3.0.0/3a665c1025c20355ef8a56016493c435e6901cbb/jakarta.xml.soap-api-3.0.0.jar:/Users/ruacbr/.gradle/caches/modules-2/files-2.1/org.jvnet.staxex/stax-ex/2.1.0/33160568d70c01da407f8ba982bacf283d00ad4a/stax-ex-2.1.0.jar:/Users/ruacbr/.gradle/caches/modules-2/files-2.1/org.glassfish.jaxb/jaxb-runtime/4.0.3/93af25be25b2c92c83e0ce61cb8b3ed23568f316/jaxb-runtime-4.0.3.jar:/Users/ruacbr/.gradle/caches/modules-2/files-2.1/org.glassfish.jaxb/jaxb-core/4.0.3/e9093b4a82069a1d78ee9a3233ca387bca88861f/jaxb-core-4.0.3.jar:/Users/ruacbr/.gradle/caches/modules-2/files-2.1/org.eclipse.angus/angus-activation/2.0.1/eaafaf4eb71b400e4136fc3a286f50e34a68ecb7/angus-activation-2.0.1.jar:/Users/ruacbr/.gradle/caches/modules-2/files-2.1/jakarta.xml.bind/jakarta.xml.bind-api/4.0.0/bbb399208d288b15ec101fa4fcfc4bd77cedc97a/jakarta.xml.bind-api-4.0.0.jar:/Users/ruacbr/.gradle/caches/modules-2/files-2.1/jakarta.activation/jakarta.activation-api/2.1.2/640c0d5aff45dbff1e1a1bc09673ff3a02b1ba12/jakarta.activation-api-2.1.2.jar:/Users/ruacbr/.gradle/caches/modules-2/files-2.1/org.aspectj/aspectjweaver/1.9.20/da562407e43f74c0f8f5f5df4065d85ec1736d01/aspectjweaver-1.9.20.jar:/Users/ruacbr/.gradle/caches/modules-2/files-2.1/jakarta.persistence/jakarta.persistence-api/3.1.0/66901fa1c373c6aff65c13791cc11da72060a8d6/jakarta.persistence-api-3.1.0.jar:/Users/ruacbr/.gradle/caches/modules-2/files-2.1/jakarta.transaction/jakarta.transaction-api/2.0.1/51a520e3fae406abb84e2e1148e6746ce3f80a1a/jakarta.transaction-api-2.0.1.jar:/Users/ruacbr/.gradle/caches/modules-2/files-2.1/org.jboss.logging/jboss-logging/3.5.3.Final/c88fc1d8a96d4c3491f55d4317458ccad53ca663/jboss-logging-3.5.3.Final.jar:/Users/ruacbr/.gradle/caches/modules-2/files-2.1/org.hibernate.common/hibernate-commons-annotations/6.0.6.Final/77a5f94b56d49508e0ee334751db5b78e5ccd50c/hibernate-commons-annotations-6.0.6.Final.jar:/Users/ruacbr/.gradle/caches/modules-2/files-2.1/io.smallrye/jandex/3.0.5/c548a4871b552292dbdd65409d3fda145c8925c1/jandex-3.0.5.jar:/Users/ruacbr/.gradle/caches/modules-2/files-2.1/com.fasterxml/classmate/1.5.1/3fe0bed568c62df5e89f4f174c101eab25345b6c/classmate-1.5.1.jar:/Users/ruacbr/.gradle/caches/modules-2/files-2.1/net.bytebuddy/byte-buddy/1.14.6/316c1b1f3208a9d716c4419ed2080443235f7d1/byte-buddy-1.14.6.jar:/Users/ruacbr/.gradle/caches/modules-2/files-2.1/jakarta.inject/jakarta.inject-api/2.0.1/4c28afe1991a941d7702fe1362c365f0a8641d1e/jakarta.inject-api-2.0.1.jar:/Users/ruacbr/.gradle/caches/modules-2/files-2.1/org.antlr/antlr4-runtime/4.10.1/10839f875928f59c622d675091d51a43ea0dc5f7/antlr4-runtime-4.10.1.jar:/Users/ruacbr/.gradle/caches/modules-2/files-2.1/org.springframework.cloud/spring-cloud-context/4.0.2/dde2f4f6ed9265e153e19eff0e136a343a30c176/spring-cloud-context-4.0.2.jar:/Users/ruacbr/.gradle/caches/modules-2/files-2.1/org.springframework.cloud/spring-cloud-commons/4.0.2/cb315bb1625340ffbd94333c3dd17be57d496523/spring-cloud-commons-4.0.2.jar:/Users/ruacbr/.gradle/caches/modules-2/files-2.1/org.springframework.security/spring-security-rsa/1.0.11.RELEASE/e1ce51e2e8735b99ca1a47a8968ff35984f0d902/spring-security-rsa-1.0.11.RELEASE.jar:/Users/ruacbr/.gradle/caches/modules-2/files-2.1/org.springframework/spring-jcl/6.0.11/c9b16cdb6d4874ba4118fcdd4b0335f6278b378/spring-jcl-6.0.11.jar:/Users/ruacbr/.gradle/caches/modules-2/files-2.1/org.springframework.security/spring-security-crypto/6.1.3/3cca1725e5a8b7ca15f1a3d043d2384d1b033165/spring-security-crypto-6.1.3.jar:/Users/ruacbr/.gradle/caches/modules-2/files-2.1/org.bouncycastle/bcpkix-jdk15on/1.69/45c36fb72fafb0b688c6af795e6cc803f6f79ee5/bcpkix-jdk15on-1.69.jar:/Users/ruacbr/.gradle/caches/modules-2/files-2.1/ch.qos.logback/logback-core/1.4.11/2f9f280219a9922a74200eaf7138c4c17fb87c0f/logback-core-1.4.11.jar:/Users/ruacbr/.gradle/caches/modules-2/files-2.1/org.apache.logging.log4j/log4j-api/2.20.0/1fe6082e660daf07c689a89c94dc0f49c26b44bb/log4j-api-2.20.0.jar:/Users/ruacbr/.gradle/caches/modules-2/files-2.1/org.glassfish.jaxb/txw2/4.0.3/47b8fe31c6d1a3382203af919400527389e01e9c/txw2-4.0.3.jar:/Users/ruacbr/.gradle/caches/modules-2/files-2.1/com.sun.istack/istack-commons-runtime/4.1.2/18ec117c85f3ba0ac65409136afa8e42bc74e739/istack-commons-runtime-4.1.2.jar:/Users/ruacbr/.gradle/caches/modules-2/files-2.1/org.bouncycastle/bcutil-jdk15on/1.69/c3edf93d346e97f64f041e448e7455c39c7eff64/bcutil-jdk15on-1.69.jar:/Users/ruacbr/.gradle/caches/modules-2/files-2.1/org.bouncycastle/bcprov-jdk15on/1.69/91e1628251cf3ca90093ce9d0fe67e5b7dab3850/bcprov-jdk15on-1.69.jar
2024-03-31T10:32:17.776+03:00  INFO 70650 --- [main] g.qa.rococo.service.PropertiesLogger     : java.class.version=61.0
2024-03-31T10:32:17.776+03:00  INFO 70650 --- [main] g.qa.rococo.service.PropertiesLogger     : java.home=/Users/ruacbr/.sdkman/candidates/java/17.0.9-librca
2024-03-31T10:32:17.777+03:00  INFO 70650 --- [main] g.qa.rococo.service.PropertiesLogger     : java.io.tmpdir=/var/folders/hc/39l10lj50xqfndl7vvj_y5w81hd6c4/T/
2024-03-31T10:32:17.777+03:00  INFO 70650 --- [main] g.qa.rococo.service.PropertiesLogger     : java.library.path=/Users/ruacbr/Library/Java/Extensions:/Library/Java/Extensions:/Network/Library/Java/Extensions:/System/Library/Java/Extensions:/usr/lib/java:.
2024-03-31T10:32:17.777+03:00  INFO 70650 --- [main] g.qa.rococo.service.PropertiesLogger     : java.runtime.name=OpenJDK Runtime Environment
2024-03-31T10:32:17.777+03:00  INFO 70650 --- [main] g.qa.rococo.service.PropertiesLogger     : java.runtime.version=17.0.9+11-LTS
2024-03-31T10:32:17.778+03:00  INFO 70650 --- [main] g.qa.rococo.service.PropertiesLogger     : java.specification.name=Java Platform API Specification
2024-03-31T10:32:17.778+03:00  INFO 70650 --- [main] g.qa.rococo.service.PropertiesLogger     : java.specification.vendor=Oracle Corporation
2024-03-31T10:32:17.778+03:00  INFO 70650 --- [main] g.qa.rococo.service.PropertiesLogger     : java.specification.version=17
2024-03-31T10:32:17.778+03:00  INFO 70650 --- [main] g.qa.rococo.service.PropertiesLogger     : java.vendor=BellSoft
2024-03-31T10:32:17.779+03:00  INFO 70650 --- [main] g.qa.rococo.service.PropertiesLogger     : java.vendor.url=https://bell-sw.com/
2024-03-31T10:32:17.779+03:00  INFO 70650 --- [main] g.qa.rococo.service.PropertiesLogger     : java.vendor.url.bug=https://bell-sw.com/support
2024-03-31T10:32:17.779+03:00  INFO 70650 --- [main] g.qa.rococo.service.PropertiesLogger     : java.version=17.0.9
2024-03-31T10:32:17.779+03:00  INFO 70650 --- [main] g.qa.rococo.service.PropertiesLogger     : java.version.date=2023-10-17
2024-03-31T10:32:17.779+03:00  INFO 70650 --- [main] g.qa.rococo.service.PropertiesLogger     : java.vm.compressedOopsMode=Zero based
2024-03-31T10:32:17.780+03:00  INFO 70650 --- [main] g.qa.rococo.service.PropertiesLogger     : java.vm.info=mixed mode, sharing
2024-03-31T10:32:17.780+03:00  INFO 70650 --- [main] g.qa.rococo.service.PropertiesLogger     : java.vm.name=OpenJDK 64-Bit Server VM
2024-03-31T10:32:17.780+03:00  INFO 70650 --- [main] g.qa.rococo.service.PropertiesLogger     : java.vm.specification.name=Java Virtual Machine Specification
2024-03-31T10:32:17.780+03:00  INFO 70650 --- [main] g.qa.rococo.service.PropertiesLogger     : java.vm.specification.vendor=Oracle Corporation
2024-03-31T10:32:17.780+03:00  INFO 70650 --- [main] g.qa.rococo.service.PropertiesLogger     : java.vm.specification.version=17
2024-03-31T10:32:17.781+03:00  INFO 70650 --- [main] g.qa.rococo.service.PropertiesLogger     : java.vm.vendor=BellSoft
2024-03-31T10:32:17.781+03:00  INFO 70650 --- [main] g.qa.rococo.service.PropertiesLogger     : java.vm.version=17.0.9+11-LTS
2024-03-31T10:32:17.781+03:00  INFO 70650 --- [main] g.qa.rococo.service.PropertiesLogger     : jdk.debug=release
2024-03-31T10:32:17.782+03:00  INFO 70650 --- [main] g.qa.rococo.service.PropertiesLogger     : line.separator=

2024-03-31T10:32:17.782+03:00  INFO 70650 --- [main] g.qa.rococo.service.PropertiesLogger     : native.encoding=UTF-8
2024-03-31T10:32:17.782+03:00  INFO 70650 --- [main] g.qa.rococo.service.PropertiesLogger     : org.jboss.logging.provider=slf4j
2024-03-31T10:32:17.782+03:00  INFO 70650 --- [main] g.qa.rococo.service.PropertiesLogger     : os.arch=x86_64
2024-03-31T10:32:17.782+03:00  INFO 70650 --- [main] g.qa.rococo.service.PropertiesLogger     : os.name=Mac OS X
2024-03-31T10:32:17.783+03:00  INFO 70650 --- [main] g.qa.rococo.service.PropertiesLogger     : os.version=12.7.2
2024-03-31T10:32:17.783+03:00  INFO 70650 --- [main] g.qa.rococo.service.PropertiesLogger     : path.separator=:
2024-03-31T10:32:17.783+03:00  INFO 70650 --- [main] g.qa.rococo.service.PropertiesLogger     : spring.profiles.active=local
2024-03-31T10:32:17.783+03:00  INFO 70650 --- [main] g.qa.rococo.service.PropertiesLogger     : sun.arch.data.model=64
2024-03-31T10:32:17.783+03:00  INFO 70650 --- [main] g.qa.rococo.service.PropertiesLogger     : sun.boot.library.path=/Users/ruacbr/.sdkman/candidates/java/17.0.9-librca/lib
2024-03-31T10:32:17.784+03:00  INFO 70650 --- [main] g.qa.rococo.service.PropertiesLogger     : sun.cpu.endian=little
2024-03-31T10:32:17.784+03:00  INFO 70650 --- [main] g.qa.rococo.service.PropertiesLogger     : sun.io.unicode.encoding=UnicodeBig
2024-03-31T10:32:17.784+03:00  INFO 70650 --- [main] g.qa.rococo.service.PropertiesLogger     : sun.java.command=guru.qa.rococo.RococoUserdataApplication
2024-03-31T10:32:17.785+03:00  INFO 70650 --- [main] g.qa.rococo.service.PropertiesLogger     : sun.java.launcher=SUN_STANDARD
2024-03-31T10:32:17.785+03:00  INFO 70650 --- [main] g.qa.rococo.service.PropertiesLogger     : sun.jnu.encoding=UTF-8
2024-03-31T10:32:17.785+03:00  INFO 70650 --- [main] g.qa.rococo.service.PropertiesLogger     : sun.management.compiler=HotSpot 64-Bit Tiered Compilers
2024-03-31T10:32:17.785+03:00  INFO 70650 --- [main] g.qa.rococo.service.PropertiesLogger     : user.country=GB
2024-03-31T10:32:17.785+03:00  INFO 70650 --- [main] g.qa.rococo.service.PropertiesLogger     : user.dir=/Users/ruacbr/Developer/ed/rococo
2024-03-31T10:32:17.785+03:00  INFO 70650 --- [main] g.qa.rococo.service.PropertiesLogger     : user.home=/Users/ruacbr
2024-03-31T10:32:17.786+03:00  INFO 70650 --- [main] g.qa.rococo.service.PropertiesLogger     : user.language=en
2024-03-31T10:32:17.786+03:00  INFO 70650 --- [main] g.qa.rococo.service.PropertiesLogger     : user.name=ruacbr
2024-03-31T10:32:17.786+03:00  INFO 70650 --- [main] g.qa.rococo.service.PropertiesLogger     : user.timezone=Europe/Moscow
2024-03-31T10:32:17.786+03:00  INFO 70650 --- [main] g.qa.rococo.service.PropertiesLogger     : user.variant=
2024-03-31T10:32:17.787+03:00  INFO 70650 --- [main] g.qa.rococo.service.PropertiesLogger     : ******* systemEnvironment *******
2024-03-31T10:32:17.787+03:00  INFO 70650 --- [main] g.qa.rococo.service.PropertiesLogger     : COMMAND_MODE=unix2003
2024-03-31T10:32:17.787+03:00  INFO 70650 --- [main] g.qa.rococo.service.PropertiesLogger     : HOME=/Users/ruacbr
2024-03-31T10:32:17.787+03:00  INFO 70650 --- [main] g.qa.rococo.service.PropertiesLogger     : JAVA_HOME=/Users/ruacbr/.sdkman/candidates/java/current
2024-03-31T10:32:17.788+03:00  INFO 70650 --- [main] g.qa.rococo.service.PropertiesLogger     : JAVA_MAIN_CLASS_70650=guru.qa.rococo.RococoUserdataApplication
2024-03-31T10:32:17.788+03:00  INFO 70650 --- [main] g.qa.rococo.service.PropertiesLogger     : KOTLIN_HOME=/Users/ruacbr/.sdkman/candidates/kotlin/current
2024-03-31T10:32:17.788+03:00  INFO 70650 --- [main] g.qa.rococo.service.PropertiesLogger     : LC_CTYPE=en_GB.UTF-8
2024-03-31T10:32:17.788+03:00  INFO 70650 --- [main] g.qa.rococo.service.PropertiesLogger     : LOGNAME=ruacbr
2024-03-31T10:32:17.789+03:00  INFO 70650 --- [main] g.qa.rococo.service.PropertiesLogger     : NVM_CD_FLAGS=
2024-03-31T10:32:17.789+03:00  INFO 70650 --- [main] g.qa.rococo.service.PropertiesLogger     : NVM_DIR=/Users/ruacbr/.nvm
2024-03-31T10:32:17.789+03:00  INFO 70650 --- [main] g.qa.rococo.service.PropertiesLogger     : PATH=/Users/ruacbr/.nvm/versions/node/v18.13.0/bin:/Users/ruacbr/.sdkman/candidates/kotlin/current/bin:/Users/ruacbr/.sdkman/candidates/java/current/bin:/usr/local/bin:/usr/bin:/bin:/usr/sbin:/sbin:/usr/local/munki:/Library/Apple/usr/bin
2024-03-31T10:32:17.789+03:00  INFO 70650 --- [main] g.qa.rococo.service.PropertiesLogger     : SDKMAN_CANDIDATES_API=https://api.sdkman.io/2
2024-03-31T10:32:17.789+03:00  INFO 70650 --- [main] g.qa.rococo.service.PropertiesLogger     : SDKMAN_CANDIDATES_DIR=/Users/ruacbr/.sdkman/candidates
2024-03-31T10:32:17.790+03:00  INFO 70650 --- [main] g.qa.rococo.service.PropertiesLogger     : SDKMAN_DIR=/Users/ruacbr/.sdkman
2024-03-31T10:32:17.790+03:00  INFO 70650 --- [main] g.qa.rococo.service.PropertiesLogger     : SDKMAN_PLATFORM=darwinx64
2024-03-31T10:32:17.790+03:00  INFO 70650 --- [main] g.qa.rococo.service.PropertiesLogger     : SDKMAN_VERSION=5.13.1
2024-03-31T10:32:17.790+03:00  INFO 70650 --- [main] g.qa.rococo.service.PropertiesLogger     : SHELL=/bin/bash
2024-03-31T10:32:17.790+03:00  INFO 70650 --- [main] g.qa.rococo.service.PropertiesLogger     : SSH_AUTH_SOCK=/private/tmp/com.apple.launchd.crrv26lFaK/Listeners
2024-03-31T10:32:17.791+03:00  INFO 70650 --- [main] g.qa.rococo.service.PropertiesLogger     : TMPDIR=/var/folders/hc/39l10lj50xqfndl7vvj_y5w81hd6c4/T/
2024-03-31T10:32:17.791+03:00  INFO 70650 --- [main] g.qa.rococo.service.PropertiesLogger     : USER=ruacbr
2024-03-31T10:32:17.791+03:00  INFO 70650 --- [main] g.qa.rococo.service.PropertiesLogger     : XPC_FLAGS=0x0
2024-03-31T10:32:17.791+03:00  INFO 70650 --- [main] g.qa.rococo.service.PropertiesLogger     : XPC_SERVICE_NAME=application.com.jetbrains.intellij.ce.2080596.2081591
2024-03-31T10:32:17.792+03:00  INFO 70650 --- [main] g.qa.rococo.service.PropertiesLogger     : __CFBundleIdentifier=com.jetbrains.intellij.ce
2024-03-31T10:32:17.792+03:00  INFO 70650 --- [main] g.qa.rococo.service.PropertiesLogger     : __CF_USER_TEXT_ENCODING=0x3069984:0x0:0x2
2024-03-31T10:32:17.792+03:00  INFO 70650 --- [main] g.qa.rococo.service.PropertiesLogger     : ******* springCloudClientHostInfo *******
2024-03-31T10:32:17.793+03:00  INFO 70650 --- [main] g.qa.rococo.service.PropertiesLogger     : spring.cloud.client.hostname=192.168.31.88
2024-03-31T10:32:17.793+03:00  INFO 70650 --- [main] g.qa.rococo.service.PropertiesLogger     : spring.cloud.client.ip-address=192.168.31.88
2024-03-31T10:32:17.793+03:00  INFO 70650 --- [main] g.qa.rococo.service.PropertiesLogger     : ******* Config resource 'class path resource [application.yaml]' via location 'optional:classpath:/' (document #1) *******
2024-03-31T10:32:17.794+03:00  INFO 70650 --- [main] g.qa.rococo.service.PropertiesLogger     : rococo-userdata.base-uri=http://127.0.0.1:8089
2024-03-31T10:32:17.794+03:00  INFO 70650 --- [main] g.qa.rococo.service.PropertiesLogger     : spring.autoconfigure.exclude[0]=org.springframework.cloud.vault.config.VaultAutoConfiguration
2024-03-31T10:32:17.794+03:00  INFO 70650 --- [main] g.qa.rococo.service.PropertiesLogger     : spring.autoconfigure.exclude[1]=org.springframework.cloud.vault.config.VaultObservationAutoConfiguration
2024-03-31T10:32:17.795+03:00  INFO 70650 --- [main] g.qa.rococo.service.PropertiesLogger     : spring.autoconfigure.exclude[2]=org.springframework.cloud.vault.config.VaultReactiveAutoConfiguration
2024-03-31T10:32:17.795+03:00  INFO 70650 --- [main] g.qa.rococo.service.PropertiesLogger     : spring.config.activate.on-profile=local
2024-03-31T10:32:17.796+03:00  INFO 70650 --- [main] g.qa.rococo.service.PropertiesLogger     : spring.datasource.password=secret
2024-03-31T10:32:17.796+03:00  INFO 70650 --- [main] g.qa.rococo.service.PropertiesLogger     : spring.datasource.url=jdbc:postgresql://localhost:5432/rococo-userdata
2024-03-31T10:32:17.796+03:00  INFO 70650 --- [main] g.qa.rococo.service.PropertiesLogger     : spring.datasource.username=postgres
2024-03-31T10:32:17.797+03:00  INFO 70650 --- [main] g.qa.rococo.service.PropertiesLogger     : spring.kafka.bootstrap-servers=localhost:9092
2024-03-31T10:32:17.797+03:00  INFO 70650 --- [main] g.qa.rococo.service.PropertiesLogger     : spring.kafka.consumer.auto-offset-reset=earliest
2024-03-31T10:32:17.797+03:00  INFO 70650 --- [main] g.qa.rococo.service.PropertiesLogger     : spring.kafka.consumer.group-id=userdata
2024-03-31T10:32:17.797+03:00  INFO 70650 --- [main] g.qa.rococo.service.PropertiesLogger     : ******* Config resource 'class path resource [application.yaml]' via location 'optional:classpath:/' (document #0) *******
2024-03-31T10:32:17.798+03:00  INFO 70650 --- [main] g.qa.rococo.service.PropertiesLogger     : logging.file.name=userdata.log
2024-03-31T10:32:17.798+03:00  INFO 70650 --- [main] g.qa.rococo.service.PropertiesLogger     : logging.level.org.springframework.kafka=INFO
2024-03-31T10:32:17.798+03:00  INFO 70650 --- [main] g.qa.rococo.service.PropertiesLogger     : logging.level.org.springframework.web=INFO
2024-03-31T10:32:17.799+03:00  INFO 70650 --- [main] g.qa.rococo.service.PropertiesLogger     : logging.level.org.springframework.ws=INFO
2024-03-31T10:32:17.799+03:00  INFO 70650 --- [main] g.qa.rococo.service.PropertiesLogger     : logging.level.root=INFO
2024-03-31T10:32:17.799+03:00  INFO 70650 --- [main] g.qa.rococo.service.PropertiesLogger     : server.error.include.message=true
2024-03-31T10:32:17.800+03:00  INFO 70650 --- [main] g.qa.rococo.service.PropertiesLogger     : server.port=8089
2024-03-31T10:32:17.800+03:00  INFO 70650 --- [main] g.qa.rococo.service.PropertiesLogger     : spring.application.name=rococo-userdata
2024-03-31T10:32:17.801+03:00  INFO 70650 --- [main] g.qa.rococo.service.PropertiesLogger     : spring.datasource.hikari.auto-commit=true
2024-03-31T10:32:17.801+03:00  INFO 70650 --- [main] g.qa.rococo.service.PropertiesLogger     : spring.datasource.hikari.connection-timeout=20000
2024-03-31T10:32:17.801+03:00  INFO 70650 --- [main] g.qa.rococo.service.PropertiesLogger     : spring.datasource.hikari.idle-timeout=10000
2024-03-31T10:32:17.802+03:00  INFO 70650 --- [main] g.qa.rococo.service.PropertiesLogger     : spring.datasource.hikari.max-lifetime=1000
2024-03-31T10:32:17.802+03:00  INFO 70650 --- [main] g.qa.rococo.service.PropertiesLogger     : spring.datasource.hikari.maximum-pool-size=30
2024-03-31T10:32:17.802+03:00  INFO 70650 --- [main] g.qa.rococo.service.PropertiesLogger     : spring.datasource.hikari.minimum-idle=10
2024-03-31T10:32:17.803+03:00  INFO 70650 --- [main] g.qa.rococo.service.PropertiesLogger     : spring.flyway.baseline-on-migrate=true
2024-03-31T10:32:17.803+03:00  INFO 70650 --- [main] g.qa.rococo.service.PropertiesLogger     : spring.flyway.baseline-version=0
2024-03-31T10:32:17.803+03:00  INFO 70650 --- [main] g.qa.rococo.service.PropertiesLogger     : spring.flyway.enabled=true
2024-03-31T10:32:17.803+03:00  INFO 70650 --- [main] g.qa.rococo.service.PropertiesLogger     : spring.flyway.locations=classpath:db/migration/rococo-userdata
2024-03-31T10:32:17.804+03:00  INFO 70650 --- [main] g.qa.rococo.service.PropertiesLogger     : spring.flyway.schemas=public
2024-03-31T10:32:17.804+03:00  INFO 70650 --- [main] g.qa.rococo.service.PropertiesLogger     : spring.jpa.database-platform=org.hibernate.dialect.PostgreSQLDialect
2024-03-31T10:32:17.804+03:00  INFO 70650 --- [main] g.qa.rococo.service.PropertiesLogger     : spring.jpa.generate-ddl=true
2024-03-31T10:32:17.805+03:00  INFO 70650 --- [main] g.qa.rococo.service.PropertiesLogger     : spring.jpa.hibernate.ddl-auto=none
2024-03-31T10:32:17.805+03:00  INFO 70650 --- [main] g.qa.rococo.service.PropertiesLogger     : spring.jpa.open-in-view=false
2024-03-31T10:32:17.805+03:00  INFO 70650 --- [main] g.qa.rococo.service.PropertiesLogger     : spring.jpa.properties.hibernate.jdbc.lob.non_contextual_creation=true
2024-03-31T10:32:17.805+03:00  INFO 70650 --- [main] g.qa.rococo.service.PropertiesLogger     : spring.jpa.show-sql=false
2024-03-31T10:32:19.473+03:00  INFO 70650 --- [main] .s.d.r.c.RepositoryConfigurationDelegate : Bootstrapping Spring Data JPA repositories in DEFAULT mode.
2024-03-31T10:32:19.652+03:00  INFO 70650 --- [main] .s.d.r.c.RepositoryConfigurationDelegate : Finished Spring Data repository scanning in 167 ms. Found 1 JPA repository interfaces.
2024-03-31T10:32:20.215+03:00  INFO 70650 --- [main] o.s.cloud.context.scope.GenericScope     : BeanFactory id=1f5cb083-0d31-3708-ab93-018c2ebd2d59
2024-03-31T10:32:20.341+03:00  INFO 70650 --- [main] trationDelegate$BeanPostProcessorChecker : Bean 'org.springframework.ws.config.annotation.DelegatingWsConfiguration' of type [org.springframework.ws.config.annotation.DelegatingWsConfiguration$$SpringCGLIB$$0] is not eligible for getting processed by all BeanPostProcessors (for example: not eligible for auto-proxying)
2024-03-31T10:32:20.440+03:00  INFO 70650 --- [main] .w.s.a.s.AnnotationActionEndpointMapping : Supporting [WS-Addressing August 2004, WS-Addressing 1.0]
2024-03-31T10:32:21.361+03:00  INFO 70650 --- [main] o.s.b.w.embedded.tomcat.TomcatWebServer  : Tomcat initialized with port(s): 8089 (http)
2024-03-31T10:32:21.378+03:00  INFO 70650 --- [main] o.apache.catalina.core.StandardService   : Starting service [Tomcat]
2024-03-31T10:32:21.379+03:00  INFO 70650 --- [main] o.apache.catalina.core.StandardEngine    : Starting Servlet engine: [Apache Tomcat/10.1.12]
2024-03-31T10:32:21.600+03:00  INFO 70650 --- [main] o.a.c.c.C.[Tomcat].[localhost].[/]       : Initializing Spring embedded WebApplicationContext
2024-03-31T10:32:21.601+03:00  INFO 70650 --- [main] w.s.c.ServletWebServerApplicationContext : Root WebApplicationContext: initialization completed in 3795 ms
2024-03-31T10:32:21.824+03:00  WARN 70650 --- [main] com.zaxxer.hikari.HikariConfig           : HikariPool-1 - maxLifetime is less than 30000ms, setting to default 1800000ms.
2024-03-31T10:32:21.825+03:00  INFO 70650 --- [main] com.zaxxer.hikari.HikariDataSource       : HikariPool-1 - Starting...
2024-03-31T10:32:22.157+03:00  INFO 70650 --- [main] com.zaxxer.hikari.pool.HikariPool        : HikariPool-1 - Added connection org.postgresql.jdbc.PgConnection@2744dcae
2024-03-31T10:32:22.159+03:00  INFO 70650 --- [main] com.zaxxer.hikari.HikariDataSource       : HikariPool-1 - Start completed.
2024-03-31T10:32:22.276+03:00  INFO 70650 --- [main] o.f.c.internal.license.VersionPrinter    : Flyway Community Edition 9.22.2 by Redgate
2024-03-31T10:32:22.277+03:00  INFO 70650 --- [main] o.f.c.internal.license.VersionPrinter    : See release notes here: https://rd.gt/416ObMi
2024-03-31T10:32:22.277+03:00  INFO 70650 --- [main] o.f.c.internal.license.VersionPrinter    : 
2024-03-31T10:32:22.303+03:00  INFO 70650 --- [main] org.flywaydb.core.FlywayExecutor         : Database: jdbc:postgresql://localhost:5432/rococo-userdata (PostgreSQL 15.1)
2024-03-31T10:32:22.463+03:00  INFO 70650 --- [main] o.f.core.internal.command.DbValidate     : Successfully validated 2 migrations (execution time 00:00.068s)
2024-03-31T10:32:22.520+03:00  INFO 70650 --- [main] o.f.core.internal.command.DbMigrate      : Current version of schema "public": 2
2024-03-31T10:32:22.528+03:00  INFO 70650 --- [main] o.f.core.internal.command.DbMigrate      : Schema "public" is up to date. No migration necessary.
2024-03-31T10:32:22.788+03:00  INFO 70650 --- [main] o.hibernate.jpa.internal.util.LogHelper  : HHH000204: Processing PersistenceUnitInfo [name: default]
2024-03-31T10:32:22.952+03:00  INFO 70650 --- [main] org.hibernate.Version                    : HHH000412: Hibernate ORM core version 6.2.7.Final
2024-03-31T10:32:22.959+03:00  INFO 70650 --- [main] org.hibernate.cfg.Environment            : HHH000406: Using bytecode reflection optimizer
2024-03-31T10:32:23.290+03:00  INFO 70650 --- [main] o.h.b.i.BytecodeProviderInitiator        : HHH000021: Bytecode provider name : bytebuddy
2024-03-31T10:32:23.728+03:00  INFO 70650 --- [main] o.s.o.j.p.SpringPersistenceUnitInfo      : No LoadTimeWeaver setup: ignoring JPA class transformer
2024-03-31T10:32:24.286+03:00  INFO 70650 --- [main] o.h.b.i.BytecodeProviderInitiator        : HHH000021: Bytecode provider name : bytebuddy
2024-03-31T10:32:26.075+03:00  INFO 70650 --- [main] o.h.e.t.j.p.i.JtaPlatformInitiator       : HHH000490: Using JtaPlatform implementation: [org.hibernate.engine.transaction.jta.platform.internal.NoJtaPlatform]
2024-03-31T10:32:26.282+03:00  INFO 70650 --- [main] j.LocalContainerEntityManagerFactoryBean : Initialized JPA EntityManagerFactory for persistence unit 'default'
2024-03-31T10:32:29.153+03:00  INFO 70650 --- [main] o.s.b.w.embedded.tomcat.TomcatWebServer  : Tomcat started on port(s): 8089 (http) with context path ''
2024-03-31T10:32:29.318+03:00  INFO 70650 --- [main] o.a.k.clients.consumer.ConsumerConfig    : ConsumerConfig values: 
	allow.auto.create.topics = true
	auto.commit.interval.ms = 5000
	auto.include.jmx.reporter = true
	auto.offset.reset = earliest
	bootstrap.servers = [localhost:9092]
	check.crcs = true
	client.dns.lookup = use_all_dns_ips
	client.id = consumer-userdata-1
	client.rack = 
	connections.max.idle.ms = 540000
	default.api.timeout.ms = 60000
	enable.auto.commit = false
	exclude.internal.topics = true
	fetch.max.bytes = 52428800
	fetch.max.wait.ms = 500
	fetch.min.bytes = 1
	group.id = userdata
	group.instance.id = null
	heartbeat.interval.ms = 3000
	interceptor.classes = []
	internal.leave.group.on.close = true
	internal.throw.on.fetch.stable.offset.unsupported = false
	isolation.level = read_uncommitted
	key.deserializer = class org.apache.kafka.common.serialization.StringDeserializer
	max.partition.fetch.bytes = 1048576
	max.poll.interval.ms = 300000
	max.poll.records = 500
	metadata.max.age.ms = 300000
	metric.reporters = []
	metrics.num.samples = 2
	metrics.recording.level = INFO
	metrics.sample.window.ms = 30000
	partition.assignment.strategy = [class org.apache.kafka.clients.consumer.RangeAssignor, class org.apache.kafka.clients.consumer.CooperativeStickyAssignor]
	receive.buffer.bytes = 65536
	reconnect.backoff.max.ms = 1000
	reconnect.backoff.ms = 50
	request.timeout.ms = 30000
	retry.backoff.ms = 100
	sasl.client.callback.handler.class = null
	sasl.jaas.config = null
	sasl.kerberos.kinit.cmd = /usr/bin/kinit
	sasl.kerberos.min.time.before.relogin = 60000
	sasl.kerberos.service.name = null
	sasl.kerberos.ticket.renew.jitter = 0.05
	sasl.kerberos.ticket.renew.window.factor = 0.8
	sasl.login.callback.handler.class = null
	sasl.login.class = null
	sasl.login.connect.timeout.ms = null
	sasl.login.read.timeout.ms = null
	sasl.login.refresh.buffer.seconds = 300
	sasl.login.refresh.min.period.seconds = 60
	sasl.login.refresh.window.factor = 0.8
	sasl.login.refresh.window.jitter = 0.05
	sasl.login.retry.backoff.max.ms = 10000
	sasl.login.retry.backoff.ms = 100
	sasl.mechanism = GSSAPI
	sasl.oauthbearer.clock.skew.seconds = 30
	sasl.oauthbearer.expected.audience = null
	sasl.oauthbearer.expected.issuer = null
	sasl.oauthbearer.jwks.endpoint.refresh.ms = 3600000
	sasl.oauthbearer.jwks.endpoint.retry.backoff.max.ms = 10000
	sasl.oauthbearer.jwks.endpoint.retry.backoff.ms = 100
	sasl.oauthbearer.jwks.endpoint.url = null
	sasl.oauthbearer.scope.claim.name = scope
	sasl.oauthbearer.sub.claim.name = sub
	sasl.oauthbearer.token.endpoint.url = null
	security.protocol = PLAINTEXT
	security.providers = null
	send.buffer.bytes = 131072
	session.timeout.ms = 45000
	socket.connection.setup.timeout.max.ms = 30000
	socket.connection.setup.timeout.ms = 10000
	ssl.cipher.suites = null
	ssl.enabled.protocols = [TLSv1.2, TLSv1.3]
	ssl.endpoint.identification.algorithm = https
	ssl.engine.factory.class = null
	ssl.key.password = null
	ssl.keymanager.algorithm = SunX509
	ssl.keystore.certificate.chain = null
	ssl.keystore.key = null
	ssl.keystore.location = null
	ssl.keystore.password = null
	ssl.keystore.type = JKS
	ssl.protocol = TLSv1.3
	ssl.provider = null
	ssl.secure.random.implementation = null
	ssl.trustmanager.algorithm = PKIX
	ssl.truststore.certificates = null
	ssl.truststore.location = null
	ssl.truststore.password = null
	ssl.truststore.type = JKS
	value.deserializer = class org.springframework.kafka.support.serializer.JsonDeserializer

2024-03-31T10:32:29.610+03:00  INFO 70650 --- [main] o.a.kafka.common.utils.AppInfoParser     : Kafka version: 3.4.1
2024-03-31T10:32:29.610+03:00  INFO 70650 --- [main] o.a.kafka.common.utils.AppInfoParser     : Kafka commitId: 8a516edc2755df89
2024-03-31T10:32:29.611+03:00  INFO 70650 --- [main] o.a.kafka.common.utils.AppInfoParser     : Kafka startTimeMs: 1711870349606
2024-03-31T10:32:29.619+03:00  INFO 70650 --- [main] o.a.k.clients.consumer.KafkaConsumer     : [Consumer clientId=consumer-userdata-1, groupId=userdata] Subscribed to topic(s): users
2024-03-31T10:32:29.726+03:00  INFO 70650 --- [main] g.qa.rococo.RococoUserdataApplication    : Started RococoUserdataApplication in 13.289 seconds (process running for 14.222)
2024-03-31T10:32:30.400+03:00  INFO 70650 --- [org.springframework.kafka.KafkaListenerEndpointContainer#0-0-C-1] org.apache.kafka.clients.Metadata        : [Consumer clientId=consumer-userdata-1, groupId=userdata] Resetting the last seen epoch of partition users-0 to 0 since the associated topicId changed from null to x2Fk5bNGShW5v_yVUu4pYQ
2024-03-31T10:32:30.401+03:00  INFO 70650 --- [org.springframework.kafka.KafkaListenerEndpointContainer#0-0-C-1] org.apache.kafka.clients.Metadata        : [Consumer clientId=consumer-userdata-1, groupId=userdata] Resetting the last seen epoch of partition users-5 to 0 since the associated topicId changed from null to x2Fk5bNGShW5v_yVUu4pYQ
2024-03-31T10:32:30.401+03:00  INFO 70650 --- [org.springframework.kafka.KafkaListenerEndpointContainer#0-0-C-1] org.apache.kafka.clients.Metadata        : [Consumer clientId=consumer-userdata-1, groupId=userdata] Resetting the last seen epoch of partition users-8 to 0 since the associated topicId changed from null to x2Fk5bNGShW5v_yVUu4pYQ
2024-03-31T10:32:30.402+03:00  INFO 70650 --- [org.springframework.kafka.KafkaListenerEndpointContainer#0-0-C-1] org.apache.kafka.clients.Metadata        : [Consumer clientId=consumer-userdata-1, groupId=userdata] Resetting the last seen epoch of partition users-2 to 0 since the associated topicId changed from null to x2Fk5bNGShW5v_yVUu4pYQ
2024-03-31T10:32:30.402+03:00  INFO 70650 --- [org.springframework.kafka.KafkaListenerEndpointContainer#0-0-C-1] org.apache.kafka.clients.Metadata        : [Consumer clientId=consumer-userdata-1, groupId=userdata] Resetting the last seen epoch of partition users-9 to 0 since the associated topicId changed from null to x2Fk5bNGShW5v_yVUu4pYQ
2024-03-31T10:32:30.402+03:00  INFO 70650 --- [org.springframework.kafka.KafkaListenerEndpointContainer#0-0-C-1] org.apache.kafka.clients.Metadata        : [Consumer clientId=consumer-userdata-1, groupId=userdata] Resetting the last seen epoch of partition users-4 to 0 since the associated topicId changed from null to x2Fk5bNGShW5v_yVUu4pYQ
2024-03-31T10:32:30.402+03:00  INFO 70650 --- [org.springframework.kafka.KafkaListenerEndpointContainer#0-0-C-1] org.apache.kafka.clients.Metadata        : [Consumer clientId=consumer-userdata-1, groupId=userdata] Resetting the last seen epoch of partition users-1 to 0 since the associated topicId changed from null to x2Fk5bNGShW5v_yVUu4pYQ
2024-03-31T10:32:30.402+03:00  INFO 70650 --- [org.springframework.kafka.KafkaListenerEndpointContainer#0-0-C-1] org.apache.kafka.clients.Metadata        : [Consumer clientId=consumer-userdata-1, groupId=userdata] Resetting the last seen epoch of partition users-6 to 0 since the associated topicId changed from null to x2Fk5bNGShW5v_yVUu4pYQ
2024-03-31T10:32:30.402+03:00  INFO 70650 --- [org.springframework.kafka.KafkaListenerEndpointContainer#0-0-C-1] org.apache.kafka.clients.Metadata        : [Consumer clientId=consumer-userdata-1, groupId=userdata] Resetting the last seen epoch of partition users-7 to 0 since the associated topicId changed from null to x2Fk5bNGShW5v_yVUu4pYQ
2024-03-31T10:32:30.402+03:00  INFO 70650 --- [org.springframework.kafka.KafkaListenerEndpointContainer#0-0-C-1] org.apache.kafka.clients.Metadata        : [Consumer clientId=consumer-userdata-1, groupId=userdata] Resetting the last seen epoch of partition users-3 to 0 since the associated topicId changed from null to x2Fk5bNGShW5v_yVUu4pYQ
2024-03-31T10:32:30.406+03:00  INFO 70650 --- [org.springframework.kafka.KafkaListenerEndpointContainer#0-0-C-1] org.apache.kafka.clients.Metadata        : [Consumer clientId=consumer-userdata-1, groupId=userdata] Cluster ID: xTUmz4BsRX-8INSoP_Hjcw
2024-03-31T10:32:32.780+03:00  INFO 70650 --- [org.springframework.kafka.KafkaListenerEndpointContainer#0-0-C-1] o.a.k.c.c.internals.ConsumerCoordinator  : [Consumer clientId=consumer-userdata-1, groupId=userdata] Discovered group coordinator localhost:9092 (id: 2147483646 rack: null)
2024-03-31T10:32:32.786+03:00  INFO 70650 --- [org.springframework.kafka.KafkaListenerEndpointContainer#0-0-C-1] o.a.k.c.c.internals.ConsumerCoordinator  : [Consumer clientId=consumer-userdata-1, groupId=userdata] (Re-)joining group
2024-03-31T10:32:32.838+03:00  INFO 70650 --- [org.springframework.kafka.KafkaListenerEndpointContainer#0-0-C-1] o.a.k.c.c.internals.ConsumerCoordinator  : [Consumer clientId=consumer-userdata-1, groupId=userdata] Request joining group due to: need to re-join with the given member-id: consumer-userdata-1-140f49ca-f716-44f2-8899-4d9d097c63b7
2024-03-31T10:32:32.838+03:00  INFO 70650 --- [org.springframework.kafka.KafkaListenerEndpointContainer#0-0-C-1] o.a.k.c.c.internals.ConsumerCoordinator  : [Consumer clientId=consumer-userdata-1, groupId=userdata] Request joining group due to: rebalance failed due to 'The group member needs to have a valid member id before actually entering a consumer group.' (MemberIdRequiredException)
2024-03-31T10:32:32.838+03:00  INFO 70650 --- [org.springframework.kafka.KafkaListenerEndpointContainer#0-0-C-1] o.a.k.c.c.internals.ConsumerCoordinator  : [Consumer clientId=consumer-userdata-1, groupId=userdata] (Re-)joining group
2024-03-31T10:32:35.905+03:00  INFO 70650 --- [org.springframework.kafka.KafkaListenerEndpointContainer#0-0-C-1] o.a.k.c.c.internals.ConsumerCoordinator  : [Consumer clientId=consumer-userdata-1, groupId=userdata] Successfully joined group with generation Generation{generationId=1, memberId='consumer-userdata-1-140f49ca-f716-44f2-8899-4d9d097c63b7', protocol='range'}
2024-03-31T10:32:35.914+03:00  INFO 70650 --- [org.springframework.kafka.KafkaListenerEndpointContainer#0-0-C-1] o.a.k.c.c.internals.ConsumerCoordinator  : [Consumer clientId=consumer-userdata-1, groupId=userdata] Finished assignment for group at generation 1: {consumer-userdata-1-140f49ca-f716-44f2-8899-4d9d097c63b7=Assignment(partitions=[users-0, users-1, users-2, users-3, users-4, users-5, users-6, users-7, users-8, users-9])}
2024-03-31T10:32:36.068+03:00  INFO 70650 --- [org.springframework.kafka.KafkaListenerEndpointContainer#0-0-C-1] o.a.k.c.c.internals.ConsumerCoordinator  : [Consumer clientId=consumer-userdata-1, groupId=userdata] Successfully synced group in generation Generation{generationId=1, memberId='consumer-userdata-1-140f49ca-f716-44f2-8899-4d9d097c63b7', protocol='range'}
2024-03-31T10:32:36.069+03:00  INFO 70650 --- [org.springframework.kafka.KafkaListenerEndpointContainer#0-0-C-1] o.a.k.c.c.internals.ConsumerCoordinator  : [Consumer clientId=consumer-userdata-1, groupId=userdata] Notifying assignor about the new Assignment(partitions=[users-0, users-1, users-2, users-3, users-4, users-5, users-6, users-7, users-8, users-9])
2024-03-31T10:32:36.076+03:00  INFO 70650 --- [org.springframework.kafka.KafkaListenerEndpointContainer#0-0-C-1] o.a.k.c.c.internals.ConsumerCoordinator  : [Consumer clientId=consumer-userdata-1, groupId=userdata] Adding newly assigned partitions: users-0, users-1, users-2, users-3, users-4, users-5, users-6, users-7, users-8, users-9
2024-03-31T10:32:36.114+03:00  INFO 70650 --- [org.springframework.kafka.KafkaListenerEndpointContainer#0-0-C-1] o.a.k.c.c.internals.ConsumerCoordinator  : [Consumer clientId=consumer-userdata-1, groupId=userdata] Found no committed offset for partition users-3
2024-03-31T10:32:36.115+03:00  INFO 70650 --- [org.springframework.kafka.KafkaListenerEndpointContainer#0-0-C-1] o.a.k.c.c.internals.ConsumerCoordinator  : [Consumer clientId=consumer-userdata-1, groupId=userdata] Found no committed offset for partition users-2
2024-03-31T10:32:36.115+03:00  INFO 70650 --- [org.springframework.kafka.KafkaListenerEndpointContainer#0-0-C-1] o.a.k.c.c.internals.ConsumerCoordinator  : [Consumer clientId=consumer-userdata-1, groupId=userdata] Found no committed offset for partition users-5
2024-03-31T10:32:36.115+03:00  INFO 70650 --- [org.springframework.kafka.KafkaListenerEndpointContainer#0-0-C-1] o.a.k.c.c.internals.ConsumerCoordinator  : [Consumer clientId=consumer-userdata-1, groupId=userdata] Found no committed offset for partition users-4
2024-03-31T10:32:36.115+03:00  INFO 70650 --- [org.springframework.kafka.KafkaListenerEndpointContainer#0-0-C-1] o.a.k.c.c.internals.ConsumerCoordinator  : [Consumer clientId=consumer-userdata-1, groupId=userdata] Found no committed offset for partition users-7
2024-03-31T10:32:36.115+03:00  INFO 70650 --- [org.springframework.kafka.KafkaListenerEndpointContainer#0-0-C-1] o.a.k.c.c.internals.ConsumerCoordinator  : [Consumer clientId=consumer-userdata-1, groupId=userdata] Found no committed offset for partition users-6
2024-03-31T10:32:36.115+03:00  INFO 70650 --- [org.springframework.kafka.KafkaListenerEndpointContainer#0-0-C-1] o.a.k.c.c.internals.ConsumerCoordinator  : [Consumer clientId=consumer-userdata-1, groupId=userdata] Found no committed offset for partition users-9
2024-03-31T10:32:36.115+03:00  INFO 70650 --- [org.springframework.kafka.KafkaListenerEndpointContainer#0-0-C-1] o.a.k.c.c.internals.ConsumerCoordinator  : [Consumer clientId=consumer-userdata-1, groupId=userdata] Found no committed offset for partition users-8
2024-03-31T10:32:36.115+03:00  INFO 70650 --- [org.springframework.kafka.KafkaListenerEndpointContainer#0-0-C-1] o.a.k.c.c.internals.ConsumerCoordinator  : [Consumer clientId=consumer-userdata-1, groupId=userdata] Found no committed offset for partition users-1
2024-03-31T10:32:36.116+03:00  INFO 70650 --- [org.springframework.kafka.KafkaListenerEndpointContainer#0-0-C-1] o.a.k.c.c.internals.ConsumerCoordinator  : [Consumer clientId=consumer-userdata-1, groupId=userdata] Found no committed offset for partition users-0
2024-03-31T10:32:36.157+03:00  INFO 70650 --- [org.springframework.kafka.KafkaListenerEndpointContainer#0-0-C-1] o.a.k.c.c.internals.SubscriptionState    : [Consumer clientId=consumer-userdata-1, groupId=userdata] Resetting offset for partition users-3 to position FetchPosition{offset=0, offsetEpoch=Optional.empty, currentLeader=LeaderAndEpoch{leader=Optional[localhost:9092 (id: 1 rack: null)], epoch=0}}.
2024-03-31T10:32:36.158+03:00  INFO 70650 --- [org.springframework.kafka.KafkaListenerEndpointContainer#0-0-C-1] o.a.k.c.c.internals.SubscriptionState    : [Consumer clientId=consumer-userdata-1, groupId=userdata] Resetting offset for partition users-2 to position FetchPosition{offset=0, offsetEpoch=Optional.empty, currentLeader=LeaderAndEpoch{leader=Optional[localhost:9092 (id: 1 rack: null)], epoch=0}}.
2024-03-31T10:32:36.158+03:00  INFO 70650 --- [org.springframework.kafka.KafkaListenerEndpointContainer#0-0-C-1] o.a.k.c.c.internals.SubscriptionState    : [Consumer clientId=consumer-userdata-1, groupId=userdata] Resetting offset for partition users-5 to position FetchPosition{offset=0, offsetEpoch=Optional.empty, currentLeader=LeaderAndEpoch{leader=Optional[localhost:9092 (id: 1 rack: null)], epoch=0}}.
2024-03-31T10:32:36.159+03:00  INFO 70650 --- [org.springframework.kafka.KafkaListenerEndpointContainer#0-0-C-1] o.a.k.c.c.internals.SubscriptionState    : [Consumer clientId=consumer-userdata-1, groupId=userdata] Resetting offset for partition users-4 to position FetchPosition{offset=0, offsetEpoch=Optional.empty, currentLeader=LeaderAndEpoch{leader=Optional[localhost:9092 (id: 1 rack: null)], epoch=0}}.
2024-03-31T10:32:36.159+03:00  INFO 70650 --- [org.springframework.kafka.KafkaListenerEndpointContainer#0-0-C-1] o.a.k.c.c.internals.SubscriptionState    : [Consumer clientId=consumer-userdata-1, groupId=userdata] Resetting offset for partition users-7 to position FetchPosition{offset=0, offsetEpoch=Optional.empty, currentLeader=LeaderAndEpoch{leader=Optional[localhost:9092 (id: 1 rack: null)], epoch=0}}.
2024-03-31T10:32:36.159+03:00  INFO 70650 --- [org.springframework.kafka.KafkaListenerEndpointContainer#0-0-C-1] o.a.k.c.c.internals.SubscriptionState    : [Consumer clientId=consumer-userdata-1, groupId=userdata] Resetting offset for partition users-6 to position FetchPosition{offset=0, offsetEpoch=Optional.empty, currentLeader=LeaderAndEpoch{leader=Optional[localhost:9092 (id: 1 rack: null)], epoch=0}}.
2024-03-31T10:32:36.160+03:00  INFO 70650 --- [org.springframework.kafka.KafkaListenerEndpointContainer#0-0-C-1] o.a.k.c.c.internals.SubscriptionState    : [Consumer clientId=consumer-userdata-1, groupId=userdata] Resetting offset for partition users-9 to position FetchPosition{offset=0, offsetEpoch=Optional.empty, currentLeader=LeaderAndEpoch{leader=Optional[localhost:9092 (id: 1 rack: null)], epoch=0}}.
2024-03-31T10:32:36.160+03:00  INFO 70650 --- [org.springframework.kafka.KafkaListenerEndpointContainer#0-0-C-1] o.a.k.c.c.internals.SubscriptionState    : [Consumer clientId=consumer-userdata-1, groupId=userdata] Resetting offset for partition users-8 to position FetchPosition{offset=0, offsetEpoch=Optional.empty, currentLeader=LeaderAndEpoch{leader=Optional[localhost:9092 (id: 1 rack: null)], epoch=0}}.
2024-03-31T10:32:36.160+03:00  INFO 70650 --- [org.springframework.kafka.KafkaListenerEndpointContainer#0-0-C-1] o.a.k.c.c.internals.SubscriptionState    : [Consumer clientId=consumer-userdata-1, groupId=userdata] Resetting offset for partition users-1 to position FetchPosition{offset=0, offsetEpoch=Optional.empty, currentLeader=LeaderAndEpoch{leader=Optional[localhost:9092 (id: 1 rack: null)], epoch=0}}.
2024-03-31T10:32:36.161+03:00  INFO 70650 --- [org.springframework.kafka.KafkaListenerEndpointContainer#0-0-C-1] o.a.k.c.c.internals.SubscriptionState    : [Consumer clientId=consumer-userdata-1, groupId=userdata] Resetting offset for partition users-0 to position FetchPosition{offset=0, offsetEpoch=Optional.empty, currentLeader=LeaderAndEpoch{leader=Optional[localhost:9092 (id: 1 rack: null)], epoch=0}}.
2024-03-31T10:32:36.162+03:00  INFO 70650 --- [org.springframework.kafka.KafkaListenerEndpointContainer#0-0-C-1] o.s.k.l.KafkaMessageListenerContainer    : userdata: partitions assigned: [users-0, users-1, users-2, users-3, users-4, users-5, users-6, users-7, users-8, users-9]
2024-03-31T10:41:30.647+03:00  INFO 70650 --- [org.springframework.kafka.KafkaListenerEndpointContainer#0-0-C-1] org.apache.kafka.clients.NetworkClient   : [Consumer clientId=consumer-userdata-1, groupId=userdata] Node -1 disconnected.
2024-03-31T10:43:38.636+03:00  INFO 70650 --- [http-nio-8089-exec-1] o.a.c.c.C.[Tomcat].[localhost].[/]       : Initializing Spring DispatcherServlet 'dispatcherServlet'
2024-03-31T10:43:38.640+03:00  INFO 70650 --- [http-nio-8089-exec-1] o.s.web.servlet.DispatcherServlet        : Initializing Servlet 'dispatcherServlet'
2024-03-31T10:43:38.658+03:00  INFO 70650 --- [http-nio-8089-exec-1] o.s.web.servlet.DispatcherServlet        : Completed initialization in 18 ms
2024-03-31T14:44:51.427+03:00  INFO 70650 --- [org.springframework.kafka.KafkaListenerEndpointContainer#0-0-C-1] org.apache.kafka.clients.NetworkClient   : [Consumer clientId=consumer-userdata-1, groupId=userdata] Disconnecting from node 1 due to request timeout.
2024-03-31T14:44:51.533+03:00  INFO 70650 --- [org.springframework.kafka.KafkaListenerEndpointContainer#0-0-C-1] org.apache.kafka.clients.NetworkClient   : [Consumer clientId=consumer-userdata-1, groupId=userdata] Cancelled in-flight FETCH request with correlation id 20642 due to node 1 being disconnected (elapsed time since creation: 6280536ms, elapsed time since send: 6280536ms, request timeout: 30000ms)
2024-03-31T14:44:51.609+03:00  INFO 70650 --- [kafka-coordinator-heartbeat-thread | userdata] org.apache.kafka.clients.NetworkClient   : [Consumer clientId=consumer-userdata-1, groupId=userdata] Node 2147483646 disconnected.
2024-03-31T14:44:51.616+03:00  INFO 70650 --- [kafka-coordinator-heartbeat-thread | userdata] o.a.k.c.c.internals.ConsumerCoordinator  : [Consumer clientId=consumer-userdata-1, groupId=userdata] Group coordinator localhost:9092 (id: 2147483646 rack: null) is unavailable or invalid due to cause: coordinator unavailable. isDisconnected: true. Rediscovery will be attempted.
2024-03-31T14:44:51.609+03:00  INFO 70650 --- [org.springframework.kafka.KafkaListenerEndpointContainer#0-0-C-1] o.a.kafka.clients.FetchSessionHandler    : [Consumer clientId=consumer-userdata-1, groupId=userdata] Error sending fetch request (sessionId=815942207, epoch=17611) to node 1:

org.apache.kafka.common.errors.DisconnectException: null

2024-03-31T14:44:51.904+03:00  INFO 70650 --- [org.springframework.kafka.KafkaListenerEndpointContainer#0-0-C-1] o.a.k.c.c.internals.ConsumerCoordinator  : [Consumer clientId=consumer-userdata-1, groupId=userdata] Discovered group coordinator localhost:9092 (id: 2147483646 rack: null)
2024-03-31T14:44:51.925+03:00  INFO 70650 --- [org.springframework.kafka.KafkaListenerEndpointContainer#0-0-C-1] o.a.k.c.c.internals.ConsumerCoordinator  : [Consumer clientId=consumer-userdata-1, groupId=userdata] Discovered group coordinator localhost:9092 (id: 2147483646 rack: null)
2024-03-31T14:44:51.990+03:00  INFO 70650 --- [org.springframework.kafka.KafkaListenerEndpointContainer#0-0-C-1] o.a.k.c.c.internals.ConsumerCoordinator  : [Consumer clientId=consumer-userdata-1, groupId=userdata] Attempt to heartbeat with Generation{generationId=1, memberId='consumer-userdata-1-140f49ca-f716-44f2-8899-4d9d097c63b7', protocol='range'} and group instance id Optional.empty failed due to UNKNOWN_MEMBER_ID, resetting generation
2024-03-31T14:44:51.994+03:00  INFO 70650 --- [org.springframework.kafka.KafkaListenerEndpointContainer#0-0-C-1] o.a.k.c.c.internals.ConsumerCoordinator  : [Consumer clientId=consumer-userdata-1, groupId=userdata] Resetting generation and member id due to: encountered UNKNOWN_MEMBER_ID from HEARTBEAT response
2024-03-31T14:44:51.994+03:00  INFO 70650 --- [org.springframework.kafka.KafkaListenerEndpointContainer#0-0-C-1] o.a.k.c.c.internals.ConsumerCoordinator  : [Consumer clientId=consumer-userdata-1, groupId=userdata] Request joining group due to: encountered UNKNOWN_MEMBER_ID from HEARTBEAT response
2024-03-31T14:44:51.999+03:00  INFO 70650 --- [org.springframework.kafka.KafkaListenerEndpointContainer#0-0-C-1] o.a.k.c.c.internals.ConsumerCoordinator  : [Consumer clientId=consumer-userdata-1, groupId=userdata] Giving away all assigned partitions as lost since generation/memberID has been reset,indicating that consumer is in old state or no longer part of the group
2024-03-31T14:44:52.001+03:00  INFO 70650 --- [org.springframework.kafka.KafkaListenerEndpointContainer#0-0-C-1] o.a.k.c.c.internals.ConsumerCoordinator  : [Consumer clientId=consumer-userdata-1, groupId=userdata] Lost previously assigned partitions users-0, users-1, users-2, users-3, users-4, users-5, users-6, users-7, users-8, users-9
2024-03-31T14:44:52.108+03:00  INFO 70650 --- [org.springframework.kafka.KafkaListenerEndpointContainer#0-0-C-1] o.s.k.l.KafkaMessageListenerContainer    : userdata: partitions lost: [users-0, users-1, users-2, users-3, users-4, users-5, users-6, users-7, users-8, users-9]
2024-03-31T14:44:52.110+03:00  INFO 70650 --- [org.springframework.kafka.KafkaListenerEndpointContainer#0-0-C-1] o.s.k.l.KafkaMessageListenerContainer    : userdata: partitions revoked: [users-0, users-1, users-2, users-3, users-4, users-5, users-6, users-7, users-8, users-9]
2024-03-31T14:44:52.122+03:00  INFO 70650 --- [org.springframework.kafka.KafkaListenerEndpointContainer#0-0-C-1] o.a.k.c.c.internals.ConsumerCoordinator  : [Consumer clientId=consumer-userdata-1, groupId=userdata] (Re-)joining group
2024-03-31T14:44:52.202+03:00  INFO 70650 --- [org.springframework.kafka.KafkaListenerEndpointContainer#0-0-C-1] o.a.k.c.c.internals.ConsumerCoordinator  : [Consumer clientId=consumer-userdata-1, groupId=userdata] Request joining group due to: need to re-join with the given member-id: consumer-userdata-1-efd692d5-54ee-4d9b-a404-8b73431277b9
2024-03-31T14:44:52.204+03:00  INFO 70650 --- [org.springframework.kafka.KafkaListenerEndpointContainer#0-0-C-1] o.a.k.c.c.internals.ConsumerCoordinator  : [Consumer clientId=consumer-userdata-1, groupId=userdata] Request joining group due to: rebalance failed due to 'The group member needs to have a valid member id before actually entering a consumer group.' (MemberIdRequiredException)
2024-03-31T14:44:52.204+03:00  INFO 70650 --- [org.springframework.kafka.KafkaListenerEndpointContainer#0-0-C-1] o.a.k.c.c.internals.ConsumerCoordinator  : [Consumer clientId=consumer-userdata-1, groupId=userdata] (Re-)joining group
2024-03-31T14:44:55.339+03:00  INFO 70650 --- [org.springframework.kafka.KafkaListenerEndpointContainer#0-0-C-1] o.a.k.c.c.internals.ConsumerCoordinator  : [Consumer clientId=consumer-userdata-1, groupId=userdata] Successfully joined group with generation Generation{generationId=3, memberId='consumer-userdata-1-efd692d5-54ee-4d9b-a404-8b73431277b9', protocol='range'}
2024-03-31T14:44:55.340+03:00  INFO 70650 --- [org.springframework.kafka.KafkaListenerEndpointContainer#0-0-C-1] o.a.k.c.c.internals.ConsumerCoordinator  : [Consumer clientId=consumer-userdata-1, groupId=userdata] Finished assignment for group at generation 3: {consumer-userdata-1-efd692d5-54ee-4d9b-a404-8b73431277b9=Assignment(partitions=[users-0, users-1, users-2, users-3, users-4, users-5, users-6, users-7, users-8, users-9])}
2024-03-31T14:44:55.351+03:00  INFO 70650 --- [org.springframework.kafka.KafkaListenerEndpointContainer#0-0-C-1] o.a.k.c.c.internals.ConsumerCoordinator  : [Consumer clientId=consumer-userdata-1, groupId=userdata] Successfully synced group in generation Generation{generationId=3, memberId='consumer-userdata-1-efd692d5-54ee-4d9b-a404-8b73431277b9', protocol='range'}
2024-03-31T14:44:55.352+03:00  INFO 70650 --- [org.springframework.kafka.KafkaListenerEndpointContainer#0-0-C-1] o.a.k.c.c.internals.ConsumerCoordinator  : [Consumer clientId=consumer-userdata-1, groupId=userdata] Notifying assignor about the new Assignment(partitions=[users-0, users-1, users-2, users-3, users-4, users-5, users-6, users-7, users-8, users-9])
2024-03-31T14:44:55.352+03:00  INFO 70650 --- [org.springframework.kafka.KafkaListenerEndpointContainer#0-0-C-1] o.a.k.c.c.internals.ConsumerCoordinator  : [Consumer clientId=consumer-userdata-1, groupId=userdata] Adding newly assigned partitions: users-0, users-1, users-2, users-3, users-4, users-5, users-6, users-7, users-8, users-9
2024-03-31T14:44:55.362+03:00  INFO 70650 --- [org.springframework.kafka.KafkaListenerEndpointContainer#0-0-C-1] o.a.k.c.c.internals.ConsumerCoordinator  : [Consumer clientId=consumer-userdata-1, groupId=userdata] Found no committed offset for partition users-3
2024-03-31T14:44:55.363+03:00  INFO 70650 --- [org.springframework.kafka.KafkaListenerEndpointContainer#0-0-C-1] o.a.k.c.c.internals.ConsumerCoordinator  : [Consumer clientId=consumer-userdata-1, groupId=userdata] Found no committed offset for partition users-2
2024-03-31T14:44:55.363+03:00  INFO 70650 --- [org.springframework.kafka.KafkaListenerEndpointContainer#0-0-C-1] o.a.k.c.c.internals.ConsumerCoordinator  : [Consumer clientId=consumer-userdata-1, groupId=userdata] Found no committed offset for partition users-5
2024-03-31T14:44:55.363+03:00  INFO 70650 --- [org.springframework.kafka.KafkaListenerEndpointContainer#0-0-C-1] o.a.k.c.c.internals.ConsumerCoordinator  : [Consumer clientId=consumer-userdata-1, groupId=userdata] Found no committed offset for partition users-4
2024-03-31T14:44:55.364+03:00  INFO 70650 --- [org.springframework.kafka.KafkaListenerEndpointContainer#0-0-C-1] o.a.k.c.c.internals.ConsumerCoordinator  : [Consumer clientId=consumer-userdata-1, groupId=userdata] Found no committed offset for partition users-7
2024-03-31T14:44:55.364+03:00  INFO 70650 --- [org.springframework.kafka.KafkaListenerEndpointContainer#0-0-C-1] o.a.k.c.c.internals.ConsumerCoordinator  : [Consumer clientId=consumer-userdata-1, groupId=userdata] Found no committed offset for partition users-6
2024-03-31T14:44:55.364+03:00  INFO 70650 --- [org.springframework.kafka.KafkaListenerEndpointContainer#0-0-C-1] o.a.k.c.c.internals.ConsumerCoordinator  : [Consumer clientId=consumer-userdata-1, groupId=userdata] Found no committed offset for partition users-9
2024-03-31T14:44:55.364+03:00  INFO 70650 --- [org.springframework.kafka.KafkaListenerEndpointContainer#0-0-C-1] o.a.k.c.c.internals.ConsumerCoordinator  : [Consumer clientId=consumer-userdata-1, groupId=userdata] Found no committed offset for partition users-8
2024-03-31T14:44:55.364+03:00  INFO 70650 --- [org.springframework.kafka.KafkaListenerEndpointContainer#0-0-C-1] o.a.k.c.c.internals.ConsumerCoordinator  : [Consumer clientId=consumer-userdata-1, groupId=userdata] Found no committed offset for partition users-1
2024-03-31T14:44:55.364+03:00  INFO 70650 --- [org.springframework.kafka.KafkaListenerEndpointContainer#0-0-C-1] o.a.k.c.c.internals.ConsumerCoordinator  : [Consumer clientId=consumer-userdata-1, groupId=userdata] Found no committed offset for partition users-0
2024-03-31T14:44:55.372+03:00  INFO 70650 --- [org.springframework.kafka.KafkaListenerEndpointContainer#0-0-C-1] o.a.k.c.c.internals.SubscriptionState    : [Consumer clientId=consumer-userdata-1, groupId=userdata] Resetting offset for partition users-3 to position FetchPosition{offset=0, offsetEpoch=Optional.empty, currentLeader=LeaderAndEpoch{leader=Optional[localhost:9092 (id: 1 rack: null)], epoch=0}}.
2024-03-31T14:44:55.372+03:00  INFO 70650 --- [org.springframework.kafka.KafkaListenerEndpointContainer#0-0-C-1] o.a.k.c.c.internals.SubscriptionState    : [Consumer clientId=consumer-userdata-1, groupId=userdata] Resetting offset for partition users-2 to position FetchPosition{offset=0, offsetEpoch=Optional.empty, currentLeader=LeaderAndEpoch{leader=Optional[localhost:9092 (id: 1 rack: null)], epoch=0}}.
2024-03-31T14:44:55.372+03:00  INFO 70650 --- [org.springframework.kafka.KafkaListenerEndpointContainer#0-0-C-1] o.a.k.c.c.internals.SubscriptionState    : [Consumer clientId=consumer-userdata-1, groupId=userdata] Resetting offset for partition users-5 to position FetchPosition{offset=0, offsetEpoch=Optional.empty, currentLeader=LeaderAndEpoch{leader=Optional[localhost:9092 (id: 1 rack: null)], epoch=0}}.
2024-03-31T14:44:55.372+03:00  INFO 70650 --- [org.springframework.kafka.KafkaListenerEndpointContainer#0-0-C-1] o.a.k.c.c.internals.SubscriptionState    : [Consumer clientId=consumer-userdata-1, groupId=userdata] Resetting offset for partition users-4 to position FetchPosition{offset=0, offsetEpoch=Optional.empty, currentLeader=LeaderAndEpoch{leader=Optional[localhost:9092 (id: 1 rack: null)], epoch=0}}.
2024-03-31T14:44:55.373+03:00  INFO 70650 --- [org.springframework.kafka.KafkaListenerEndpointContainer#0-0-C-1] o.a.k.c.c.internals.SubscriptionState    : [Consumer clientId=consumer-userdata-1, groupId=userdata] Resetting offset for partition users-7 to position FetchPosition{offset=0, offsetEpoch=Optional.empty, currentLeader=LeaderAndEpoch{leader=Optional[localhost:9092 (id: 1 rack: null)], epoch=0}}.
2024-03-31T14:44:55.373+03:00  INFO 70650 --- [org.springframework.kafka.KafkaListenerEndpointContainer#0-0-C-1] o.a.k.c.c.internals.SubscriptionState    : [Consumer clientId=consumer-userdata-1, groupId=userdata] Resetting offset for partition users-6 to position FetchPosition{offset=0, offsetEpoch=Optional.empty, currentLeader=LeaderAndEpoch{leader=Optional[localhost:9092 (id: 1 rack: null)], epoch=0}}.
2024-03-31T14:44:55.374+03:00  INFO 70650 --- [org.springframework.kafka.KafkaListenerEndpointContainer#0-0-C-1] o.a.k.c.c.internals.SubscriptionState    : [Consumer clientId=consumer-userdata-1, groupId=userdata] Resetting offset for partition users-9 to position FetchPosition{offset=0, offsetEpoch=Optional.empty, currentLeader=LeaderAndEpoch{leader=Optional[localhost:9092 (id: 1 rack: null)], epoch=0}}.
2024-03-31T14:44:55.374+03:00  INFO 70650 --- [org.springframework.kafka.KafkaListenerEndpointContainer#0-0-C-1] o.a.k.c.c.internals.SubscriptionState    : [Consumer clientId=consumer-userdata-1, groupId=userdata] Resetting offset for partition users-8 to position FetchPosition{offset=0, offsetEpoch=Optional.empty, currentLeader=LeaderAndEpoch{leader=Optional[localhost:9092 (id: 1 rack: null)], epoch=0}}.
2024-03-31T14:44:55.374+03:00  INFO 70650 --- [org.springframework.kafka.KafkaListenerEndpointContainer#0-0-C-1] o.a.k.c.c.internals.SubscriptionState    : [Consumer clientId=consumer-userdata-1, groupId=userdata] Resetting offset for partition users-1 to position FetchPosition{offset=0, offsetEpoch=Optional.empty, currentLeader=LeaderAndEpoch{leader=Optional[localhost:9092 (id: 1 rack: null)], epoch=0}}.
2024-03-31T14:44:55.374+03:00  INFO 70650 --- [org.springframework.kafka.KafkaListenerEndpointContainer#0-0-C-1] o.a.k.c.c.internals.SubscriptionState    : [Consumer clientId=consumer-userdata-1, groupId=userdata] Resetting offset for partition users-0 to position FetchPosition{offset=0, offsetEpoch=Optional.empty, currentLeader=LeaderAndEpoch{leader=Optional[localhost:9092 (id: 1 rack: null)], epoch=0}}.
2024-03-31T14:44:55.374+03:00  INFO 70650 --- [org.springframework.kafka.KafkaListenerEndpointContainer#0-0-C-1] o.s.k.l.KafkaMessageListenerContainer    : userdata: partitions assigned: [users-0, users-1, users-2, users-3, users-4, users-5, users-6, users-7, users-8, users-9]
2024-03-31T14:45:01.669+03:00  WARN 70650 --- [HikariPool-1 housekeeper] com.zaxxer.hikari.pool.HikariPool        : HikariPool-1 - Thread starvation or clock leap detected (housekeeper delta=1h45m8s422ms).
